Invoked as: /Users/marko/tools/openocd-code-89bf96ffe6ac66c80407af8383b9d5adc0dc35f4/jimtcl/configure --disable-install-jim --disable-option-checking --prefix=/usr/local --enable-cmsis-dap --enable-openjtag_ftdi --enable-jlink --enable-stlink --cache-file=/dev/null --srcdir=.
Failed: cc -g -O2 -g0 conftest__.c -o conftest__
Undefined symbols for architecture x86_64:
  "_execvpe", referenced from:
      _main in conftest__-c56ae1.o
ld: symbol(s) not found for architecture x86_64
clang: error: linker command failed with exit code 1 (use -v to see invocation)
child process exited abnormally
============
The failed code was:
extern void execvpe(void);
int main(void) {
execvpe();
return 0;
}
============
Failed: cc -g -O2 -g0 conftest__.c -o conftest__
Undefined symbols for architecture x86_64:
  "_sysinfo", referenced from:
      _main in conftest__-e14a78.o
ld: symbol(s) not found for architecture x86_64
clang: error: linker command failed with exit code 1 (use -v to see invocation)
child process exited abnormally
============
The failed code was:
extern void sysinfo(void);
int main(void) {
sysinfo();
return 0;
}
============
Failed: cc -g -O2 -c -g0 conftest__.c -o conftest__.o
conftest__.c:3:15: error: '_x' declared as an array with a negative size
static int _x[sizeof(off_t) == 4 ? 1 : -1] = { 1 };
              ^~~~~~~~~~~~~~~~~~~~~~~~~~~
1 error generated.
child process exited abnormally
============
The failed code was:
#include <sys/types.h>
int main(void) {
static int _x[sizeof(off_t) == 4 ? 1 : -1] = { 1 };
return 0;
}
============
Failed: cc -g -O2 -c -g0 conftest__.c -o conftest__.o
conftest__.c:4:15: error: too few arguments to function call, expected 2, have 1
mkdir("/dummy");
~~~~~         ^
/usr/include/sys/stat.h:355:1: note: 'mkdir' declared here
int     mkdir(const char *, mode_t);
^
1 error generated.
child process exited abnormally
============
The failed code was:
#include <sys/types.h>
#include <sys/stat.h>
int main(void) {
mkdir("/dummy");
return 0;
}
============
