This file contains any messages produced by compilers while
running configure, to aid debugging if configure makes a mistake.

It was created by libjaylink configure 0.1.0, which was
generated by GNU Autoconf 2.69.  Invocation command line was

  $ /Users/marko/tools/openocd-code-89bf96ffe6ac66c80407af8383b9d5adc0dc35f4/src/jtag/drivers/libjaylink/configure --enable-subproject-build --disable-option-checking --prefix=/usr/local --enable-cmsis-dap --enable-openjtag_ftdi --enable-jlink --enable-stlink --cache-file=/dev/null --srcdir=.

## --------- ##
## Platform. ##
## --------- ##

hostname = IsMyLaptop.local
uname -m = x86_64
uname -r = 14.5.0
uname -s = Darwin
uname -v = Darwin Kernel Version 14.5.0: Mon Jan 11 18:48:35 PST 2016; root:xnu-2782.50.2~1/RELEASE_X86_64

/usr/bin/uname -p = i386
/bin/uname -X     = unknown

/bin/arch              = unknown
/usr/bin/arch -k       = unknown
/usr/convex/getsysinfo = unknown
/usr/bin/hostinfo      = Mach kernel version:
	 Darwin Kernel Version 14.5.0: Mon Jan 11 18:48:35 PST 2016; root:xnu-2782.50.2~1/RELEASE_X86_64
Kernel configured for up to 8 processors.
4 processors are physically available.
8 processors are logically available.
Processor type: x86_64h (Intel x86-64h Haswell)
Processors active: 0 1 2 3 4 5 6 7
Primary memory available: 16.00 gigabytes
Default processor set: 274 tasks, 1345 threads, 8 processors
Load average: 2.68, Mach factor: 5.31
/bin/machine           = unknown
/usr/bin/oslevel       = unknown
/bin/universe          = unknown

PATH: /opt/local/bin
PATH: /opt/local/sbin
PATH: /opt/local/bin
PATH: /usr/local/bin
PATH: /usr/bin
PATH: /bin
PATH: /usr/sbin
PATH: /sbin
PATH: /Users/marko/bin
PATH: /Applications/microchip/xc32/v1.20/bin
PATH: /opt/gcc-arm-none-eabi-4_8-2014q3/bin


## ----------- ##
## Core tests. ##
## ----------- ##

configure:2191: checking build system type
configure:2205: result: x86_64-apple-darwin14.5.0
configure:2225: checking host system type
configure:2238: result: x86_64-apple-darwin14.5.0
configure:2275: checking for a BSD-compatible install
configure:2343: result: /usr/bin/install -c
configure:2354: checking whether build environment is sane
configure:2409: result: yes
configure:2560: checking for a thread-safe mkdir -p
configure:2599: result: build-aux/install-sh -c -d
configure:2606: checking for gawk
configure:2636: result: no
configure:2606: checking for mawk
configure:2636: result: no
configure:2606: checking for nawk
configure:2636: result: no
configure:2606: checking for awk
configure:2622: found /usr/bin/awk
configure:2633: result: awk
configure:2644: checking whether make sets $(MAKE)
configure:2666: result: yes
configure:2695: checking whether make supports nested variables
configure:2712: result: yes
configure:2892: checking for gcc
configure:2908: found /usr/bin/gcc
configure:2919: result: gcc
configure:3148: checking for C compiler version
configure:3157: gcc --version >&5
Apple LLVM version 7.0.2 (clang-700.1.81)
Target: x86_64-apple-darwin14.5.0
Thread model: posix
Configured with: --prefix=/Applications/Xcode.app/Contents/Developer/usr --with-gxx-include-dir=/usr/include/c++/4.2.1
configure:3168: $? = 0
configure:3157: gcc -v >&5
Configured with: --prefix=/Applications/Xcode.app/Contents/Developer/usr --with-gxx-include-dir=/usr/include/c++/4.2.1
Apple LLVM version 7.0.2 (clang-700.1.81)
Target: x86_64-apple-darwin14.5.0
Thread model: posix
configure:3168: $? = 0
configure:3157: gcc -V >&5
clang: error: argument to '-V' is missing (expected 1 value)
clang: error: no input files
configure:3168: $? = 1
configure:3157: gcc -qversion >&5
clang: error: unknown argument: '-qversion'
clang: error: no input files
configure:3168: $? = 1
configure:3188: checking whether the C compiler works
configure:3210: gcc  -Wall -Wextra -Werror -fvisibility=hidden   conftest.c  >&5
configure:3214: $? = 0
configure:3262: result: yes
configure:3265: checking for C compiler default output file name
configure:3267: result: a.out
configure:3273: checking for suffix of executables
configure:3280: gcc -o conftest  -Wall -Wextra -Werror -fvisibility=hidden   conftest.c  >&5
configure:3284: $? = 0
configure:3306: result: 
configure:3328: checking whether we are cross compiling
configure:3336: gcc -o conftest  -Wall -Wextra -Werror -fvisibility=hidden   conftest.c  >&5
configure:3340: $? = 0
configure:3347: ./conftest
configure:3351: $? = 0
configure:3366: result: no
configure:3371: checking for suffix of object files
configure:3393: gcc -c  -Wall -Wextra -Werror -fvisibility=hidden  conftest.c >&5
configure:3397: $? = 0
configure:3418: result: o
configure:3422: checking whether we are using the GNU C compiler
configure:3441: gcc -c  -Wall -Wextra -Werror -fvisibility=hidden  conftest.c >&5
configure:3441: $? = 0
configure:3450: result: yes
configure:3459: checking whether gcc accepts -g
configure:3479: gcc -c -g  conftest.c >&5
configure:3479: $? = 0
configure:3520: result: yes
configure:3537: checking for gcc option to accept ISO C89
configure:3600: gcc  -c  -Wall -Wextra -Werror -fvisibility=hidden  conftest.c >&5
configure:3600: $? = 0
configure:3613: result: none needed
configure:3638: checking whether gcc understands -c and -o together
configure:3660: gcc -c conftest.c -o conftest2.o
configure:3663: $? = 0
configure:3660: gcc -c conftest.c -o conftest2.o
configure:3663: $? = 0
configure:3675: result: yes
configure:3703: checking for style of include used by make
configure:3731: result: GNU
configure:3757: checking dependency style of gcc
configure:3868: result: gcc3
configure:3937: checking for ar
configure:3953: found /usr/bin/ar
configure:3964: result: ar
configure:3990: checking the archiver (ar) interface
configure:4006: gcc -c  -Wall -Wextra -Werror -fvisibility=hidden  conftest.c >&5
configure:4006: $? = 0
configure:4008: ar cru libconftest.a conftest.o >&5
configure:4011: $? = 0
configure:4039: result: ar
configure:4107: checking how to print strings
configure:4134: result: printf
configure:4155: checking for a sed that does not truncate output
configure:4219: result: /usr/bin/sed
configure:4237: checking for grep that handles long lines and -e
configure:4295: result: /usr/bin/grep
configure:4300: checking for egrep
configure:4362: result: /usr/bin/grep -E
configure:4367: checking for fgrep
configure:4429: result: /usr/bin/grep -F
configure:4464: checking for ld used by gcc
configure:4531: result: /Applications/Xcode.app/Contents/Developer/Toolchains/XcodeDefault.xctoolchain/usr/bin/ld
configure:4538: checking if the linker (/Applications/Xcode.app/Contents/Developer/Toolchains/XcodeDefault.xctoolchain/usr/bin/ld) is GNU ld
configure:4553: result: no
configure:4565: checking for BSD- or MS-compatible name lister (nm)
configure:4619: result: /usr/bin/nm
configure:4749: checking the name lister (/usr/bin/nm) interface
configure:4756: gcc -c  -Wall -Wextra -Werror -fvisibility=hidden  conftest.c >&5
configure:4759: /usr/bin/nm "conftest.o"
configure:4762: output
0000000000000000 S _some_variable
configure:4769: result: BSD nm
configure:4772: checking whether ln -s works
configure:4776: result: yes
configure:4784: checking the maximum length of command line arguments
configure:4915: result: 196608
configure:4963: checking how to convert x86_64-apple-darwin14.5.0 file names to x86_64-apple-darwin14.5.0 format
configure:5003: result: func_convert_file_noop
configure:5010: checking how to convert x86_64-apple-darwin14.5.0 file names to toolchain format
configure:5030: result: func_convert_file_noop
configure:5037: checking for /Applications/Xcode.app/Contents/Developer/Toolchains/XcodeDefault.xctoolchain/usr/bin/ld option to reload object files
configure:5044: result: -r
configure:5118: checking for objdump
configure:5148: result: no
configure:5177: checking how to recognize dependent libraries
configure:5377: result: pass_all
configure:5462: checking for dlltool
configure:5492: result: no
configure:5522: checking how to associate runtime and link libraries
configure:5549: result: printf %s\n
configure:5673: checking for archiver @FILE support
configure:5690: gcc -c  -Wall -Wextra -Werror -fvisibility=hidden  conftest.c >&5
configure:5690: $? = 0
configure:5693: ar cru libconftest.a @conftest.lst >&5
ar: @conftest.lst: No such file or directory
configure:5696: $? = 1
configure:5716: result: no
configure:5774: checking for strip
configure:5790: found /usr/bin/strip
configure:5801: result: strip
configure:5873: checking for ranlib
configure:5889: found /usr/bin/ranlib
configure:5900: result: ranlib
configure:6002: checking command to parse /usr/bin/nm output from gcc object
configure:6155: gcc -c  -Wall -Wextra -Werror -fvisibility=hidden  conftest.c >&5
configure:6158: $? = 0
configure:6162: /usr/bin/nm conftest.o \| sed -n -e 's/^.*[ ]\([BCDEGRST][BCDEGRST]*\)[ ][ ]*\([_A-Za-z][_A-Za-z0-9]*\)$/\1 \2 \2/p' | sed '/ __gnu_lto/d' \> conftest.nm
configure:6165: $? = 0
cannot find nm_test_var in conftest.nm
configure:6155: gcc -c  -Wall -Wextra -Werror -fvisibility=hidden  conftest.c >&5
configure:6158: $? = 0
configure:6162: /usr/bin/nm conftest.o \| sed -n -e 's/^.*[ ]\([BCDEGRST][BCDEGRST]*\)[ ][ ]*_\([_A-Za-z][_A-Za-z0-9]*\)$/\1 _\2 \2/p' | sed '/ __gnu_lto/d' \> conftest.nm
configure:6165: $? = 0
configure:6231: gcc -o conftest  -Wall -Wextra -Werror -fvisibility=hidden   conftest.c conftstm.o >&5
configure:6234: $? = 0
configure:6272: result: ok
configure:6319: checking for sysroot
configure:6349: result: no
configure:6356: checking for a working dd
configure:6394: result: /bin/dd
configure:6398: checking how to truncate binary pipes
configure:6413: result: /bin/dd bs=4096 count=1
configure:6742: checking for mt
configure:6772: result: no
configure:6792: checking if : is a manifest tool
configure:6798: : '-?'
configure:6806: result: no
configure:6862: checking for dsymutil
configure:6878: found /usr/bin/dsymutil
configure:6889: result: dsymutil
configure:6954: checking for nmedit
configure:6970: found /usr/bin/nmedit
configure:6981: result: nmedit
configure:7046: checking for lipo
configure:7062: found /usr/bin/lipo
configure:7073: result: lipo
configure:7138: checking for otool
configure:7154: found /usr/bin/otool
configure:7165: result: otool
configure:7230: checking for otool64
configure:7260: result: no
configure:7305: checking for -single_module linker flag
gcc  -Wall -Wextra -Werror -fvisibility=hidden  -o libconftest.dylib -dynamiclib -Wl,-single_module conftest.c
configure:7338: result: yes
configure:7341: checking for -exported_symbols_list linker flag
configure:7361: gcc -o conftest  -Wall -Wextra -Werror -fvisibility=hidden   -Wl,-exported_symbols_list,conftest.sym conftest.c  >&5
ld: warning: cannot export hidden symbol _main from /var/folders/7f/v6zyh8m97592qgtm6byrctzc0000gn/T/conftest-a094c8.o
configure:7361: $? = 0
configure:7371: result: yes
configure:7374: checking for -force_load linker flag
gcc  -Wall -Wextra -Werror -fvisibility=hidden -c -o conftest.o conftest.c
ar cru libconftest.a conftest.o
ranlib libconftest.a
gcc  -Wall -Wextra -Werror -fvisibility=hidden  -o conftest conftest.c -Wl,-force_load,./libconftest.a
configure:7406: result: yes
configure:7483: checking how to run the C preprocessor
configure:7514: gcc -E  conftest.c
configure:7514: $? = 0
configure:7528: gcc -E  conftest.c
conftest.c:11:10: fatal error: 'ac_nonexistent.h' file not found
#include <ac_nonexistent.h>
         ^
1 error generated.
configure:7528: $? = 1
configure: failed program was:
| /* confdefs.h */
| #define PACKAGE_NAME "libjaylink"
| #define PACKAGE_TARNAME "libjaylink"
| #define PACKAGE_VERSION "0.1.0"
| #define PACKAGE_STRING "libjaylink 0.1.0"
| #define PACKAGE_BUGREPORT "BUG-REPORT-ADDRESS"
| #define PACKAGE_URL ""
| #define PACKAGE "libjaylink"
| #define VERSION "0.1.0"
| /* end confdefs.h.  */
| #include <ac_nonexistent.h>
configure:7553: result: gcc -E
configure:7573: gcc -E  conftest.c
configure:7573: $? = 0
configure:7587: gcc -E  conftest.c
conftest.c:11:10: fatal error: 'ac_nonexistent.h' file not found
#include <ac_nonexistent.h>
         ^
1 error generated.
configure:7587: $? = 1
configure: failed program was:
| /* confdefs.h */
| #define PACKAGE_NAME "libjaylink"
| #define PACKAGE_TARNAME "libjaylink"
| #define PACKAGE_VERSION "0.1.0"
| #define PACKAGE_STRING "libjaylink 0.1.0"
| #define PACKAGE_BUGREPORT "BUG-REPORT-ADDRESS"
| #define PACKAGE_URL ""
| #define PACKAGE "libjaylink"
| #define VERSION "0.1.0"
| /* end confdefs.h.  */
| #include <ac_nonexistent.h>
configure:7616: checking for ANSI C header files
configure:7636: gcc -c  -Wall -Wextra -Werror -fvisibility=hidden  conftest.c >&5
configure:7636: $? = 0
configure:7709: gcc -o conftest  -Wall -Wextra -Werror -fvisibility=hidden   conftest.c  >&5
configure:7709: $? = 0
configure:7709: ./conftest
configure:7709: $? = 0
configure:7720: result: yes
configure:7733: checking for sys/types.h
configure:7733: gcc -c  -Wall -Wextra -Werror -fvisibility=hidden  conftest.c >&5
configure:7733: $? = 0
configure:7733: result: yes
configure:7733: checking for sys/stat.h
configure:7733: gcc -c  -Wall -Wextra -Werror -fvisibility=hidden  conftest.c >&5
configure:7733: $? = 0
configure:7733: result: yes
configure:7733: checking for stdlib.h
configure:7733: gcc -c  -Wall -Wextra -Werror -fvisibility=hidden  conftest.c >&5
configure:7733: $? = 0
configure:7733: result: yes
configure:7733: checking for string.h
configure:7733: gcc -c  -Wall -Wextra -Werror -fvisibility=hidden  conftest.c >&5
configure:7733: $? = 0
configure:7733: result: yes
configure:7733: checking for memory.h
configure:7733: gcc -c  -Wall -Wextra -Werror -fvisibility=hidden  conftest.c >&5
configure:7733: $? = 0
configure:7733: result: yes
configure:7733: checking for strings.h
configure:7733: gcc -c  -Wall -Wextra -Werror -fvisibility=hidden  conftest.c >&5
configure:7733: $? = 0
configure:7733: result: yes
configure:7733: checking for inttypes.h
configure:7733: gcc -c  -Wall -Wextra -Werror -fvisibility=hidden  conftest.c >&5
configure:7733: $? = 0
configure:7733: result: yes
configure:7733: checking for stdint.h
configure:7733: gcc -c  -Wall -Wextra -Werror -fvisibility=hidden  conftest.c >&5
configure:7733: $? = 0
configure:7733: result: yes
configure:7733: checking for unistd.h
configure:7733: gcc -c  -Wall -Wextra -Werror -fvisibility=hidden  conftest.c >&5
configure:7733: $? = 0
configure:7733: result: yes
configure:7747: checking for dlfcn.h
configure:7747: gcc -c  -Wall -Wextra -Werror -fvisibility=hidden  conftest.c >&5
configure:7747: $? = 0
configure:7747: result: yes
configure:8003: checking for objdir
configure:8018: result: .libs
configure:8282: checking if gcc supports -fno-rtti -fno-exceptions
configure:8300: gcc -c  -Wall -Wextra -Werror -fvisibility=hidden  -fno-rtti -fno-exceptions conftest.c >&5
configure:8304: $? = 0
configure:8317: result: yes
configure:8675: checking for gcc option to produce PIC
configure:8682: result: -fno-common -DPIC
configure:8690: checking if gcc PIC flag -fno-common -DPIC works
configure:8708: gcc -c  -Wall -Wextra -Werror -fvisibility=hidden  -fno-common -DPIC -DPIC conftest.c >&5
configure:8712: $? = 0
configure:8725: result: yes
configure:8754: checking if gcc static flag -static works
configure:8782: result: no
configure:8797: checking if gcc supports -c -o file.o
configure:8818: gcc -c  -Wall -Wextra -Werror -fvisibility=hidden  -o out/conftest2.o conftest.c >&5
configure:8822: $? = 0
configure:8844: result: yes
configure:8852: checking if gcc supports -c -o file.o
configure:8899: result: yes
configure:8932: checking whether the gcc linker (/Applications/Xcode.app/Contents/Developer/Toolchains/XcodeDefault.xctoolchain/usr/bin/ld) supports shared libraries
configure:10191: result: yes
configure:10431: checking dynamic linker characteristics
configure:11249: result: darwin14.5.0 dyld
configure:11371: checking how to hardcode library paths into programs
configure:11396: result: immediate
configure:11944: checking whether stripping libraries is possible
configure:11958: result: yes
configure:11984: checking if libtool supports shared libraries
configure:11986: result: yes
configure:11989: checking whether to build shared libraries
configure:12014: result: yes
configure:12017: checking whether to build static libraries
configure:12021: result: yes
configure:12114: checking for pkg-config
configure:12132: found /usr/local/bin/pkg-config
configure:12144: result: /usr/local/bin/pkg-config
configure:12169: checking pkg-config is at least version 0.9.0
configure:12172: result: yes
configure:12186: checking for libusb
configure:12193: $PKG_CONFIG --exists --print-errors "libusb-1.0 >= 1.0.9"
configure:12196: $? = 0
configure:12210: $PKG_CONFIG --exists --print-errors "libusb-1.0 >= 1.0.9"
configure:12213: $? = 0
configure:12271: result: yes
configure:12279: checking whether byte ordering is bigendian
configure:12294: gcc -c  -Wall -Wextra -Werror -fvisibility=hidden -I/usr/local/Cellar/libusb/1.0.20/include/libusb-1.0  conftest.c >&5
configure:12294: $? = 0
configure:12339: gcc -c  -Wall -Wextra -Werror -fvisibility=hidden -I/usr/local/Cellar/libusb/1.0.20/include/libusb-1.0  conftest.c >&5
configure:12339: $? = 0
configure:12357: gcc -c  -Wall -Wextra -Werror -fvisibility=hidden -I/usr/local/Cellar/libusb/1.0.20/include/libusb-1.0  conftest.c >&5
conftest.c:30:4: error: use of undeclared identifier 'not'
                 not big endian
                 ^
1 error generated.
configure:12357: $? = 1
configure: failed program was:
| /* confdefs.h */
| #define PACKAGE_NAME "libjaylink"
| #define PACKAGE_TARNAME "libjaylink"
| #define PACKAGE_VERSION "0.1.0"
| #define PACKAGE_STRING "libjaylink 0.1.0"
| #define PACKAGE_BUGREPORT "BUG-REPORT-ADDRESS"
| #define PACKAGE_URL ""
| #define PACKAGE "libjaylink"
| #define VERSION "0.1.0"
| #define STDC_HEADERS 1
| #define HAVE_SYS_TYPES_H 1
| #define HAVE_SYS_STAT_H 1
| #define HAVE_STDLIB_H 1
| #define HAVE_STRING_H 1
| #define HAVE_MEMORY_H 1
| #define HAVE_STRINGS_H 1
| #define HAVE_INTTYPES_H 1
| #define HAVE_STDINT_H 1
| #define HAVE_UNISTD_H 1
| #define HAVE_DLFCN_H 1
| #define LT_OBJDIR ".libs/"
| /* end confdefs.h.  */
| #include <sys/types.h>
| 		#include <sys/param.h>
| 
| int
| main ()
| {
| #if BYTE_ORDER != BIG_ENDIAN
| 		 not big endian
| 		#endif
| 
|   ;
|   return 0;
| }
configure:12485: result: no
configure:12685: checking that generated files are newer than configure
configure:12691: result: done
configure:12719: creating ./config.status

## ---------------------- ##
## Running config.status. ##
## ---------------------- ##

This file was extended by libjaylink config.status 0.1.0, which was
generated by GNU Autoconf 2.69.  Invocation command line was

  CONFIG_FILES    = 
  CONFIG_HEADERS  = 
  CONFIG_LINKS    = 
  CONFIG_COMMANDS = 
  $ ./config.status 

on IsMyLaptop.local

config.status:1100: creating Makefile
config.status:1100: creating libjaylink/Makefile
config.status:1100: creating libjaylink/version.h
config.status:1100: creating libjaylink.pc
config.status:1100: creating config.h
config.status:1281: config.h is unchanged
config.status:1329: executing depfiles commands
config.status:1329: executing libtool commands

## ---------------- ##
## Cache variables. ##
## ---------------- ##

ac_cv_build=x86_64-apple-darwin14.5.0
ac_cv_c_bigendian=no
ac_cv_c_compiler_gnu=yes
ac_cv_env_CC_set=
ac_cv_env_CC_value=
ac_cv_env_CFLAGS_set=
ac_cv_env_CFLAGS_value=
ac_cv_env_CPPFLAGS_set=
ac_cv_env_CPPFLAGS_value=
ac_cv_env_CPP_set=
ac_cv_env_CPP_value=
ac_cv_env_LDFLAGS_set=
ac_cv_env_LDFLAGS_value=
ac_cv_env_LIBS_set=
ac_cv_env_LIBS_value=
ac_cv_env_LT_SYS_LIBRARY_PATH_set=
ac_cv_env_LT_SYS_LIBRARY_PATH_value=
ac_cv_env_PKG_CONFIG_LIBDIR_set=
ac_cv_env_PKG_CONFIG_LIBDIR_value=
ac_cv_env_PKG_CONFIG_PATH_set=
ac_cv_env_PKG_CONFIG_PATH_value=
ac_cv_env_PKG_CONFIG_set=
ac_cv_env_PKG_CONFIG_value=
ac_cv_env_build_alias_set=
ac_cv_env_build_alias_value=
ac_cv_env_host_alias_set=
ac_cv_env_host_alias_value=
ac_cv_env_libusb_CFLAGS_set=
ac_cv_env_libusb_CFLAGS_value=
ac_cv_env_libusb_LIBS_set=
ac_cv_env_libusb_LIBS_value=
ac_cv_env_target_alias_set=
ac_cv_env_target_alias_value=
ac_cv_header_dlfcn_h=yes
ac_cv_header_inttypes_h=yes
ac_cv_header_memory_h=yes
ac_cv_header_stdc=yes
ac_cv_header_stdint_h=yes
ac_cv_header_stdlib_h=yes
ac_cv_header_string_h=yes
ac_cv_header_strings_h=yes
ac_cv_header_sys_stat_h=yes
ac_cv_header_sys_types_h=yes
ac_cv_header_unistd_h=yes
ac_cv_host=x86_64-apple-darwin14.5.0
ac_cv_objext=o
ac_cv_path_EGREP='/usr/bin/grep -E'
ac_cv_path_FGREP='/usr/bin/grep -F'
ac_cv_path_GREP=/usr/bin/grep
ac_cv_path_SED=/usr/bin/sed
ac_cv_path_ac_pt_PKG_CONFIG=/usr/local/bin/pkg-config
ac_cv_path_install='/usr/bin/install -c'
ac_cv_path_lt_DD=/bin/dd
ac_cv_prog_AWK=awk
ac_cv_prog_CPP='gcc -E'
ac_cv_prog_ac_ct_AR=ar
ac_cv_prog_ac_ct_CC=gcc
ac_cv_prog_ac_ct_DSYMUTIL=dsymutil
ac_cv_prog_ac_ct_LIPO=lipo
ac_cv_prog_ac_ct_NMEDIT=nmedit
ac_cv_prog_ac_ct_OTOOL=otool
ac_cv_prog_ac_ct_RANLIB=ranlib
ac_cv_prog_ac_ct_STRIP=strip
ac_cv_prog_cc_c89=
ac_cv_prog_cc_g=yes
ac_cv_prog_make_make_set=yes
am_cv_CC_dependencies_compiler_type=gcc3
am_cv_ar_interface=ar
am_cv_make_support_nested_variables=yes
am_cv_prog_cc_c_o=yes
lt_cv_apple_cc_single_mod=yes
lt_cv_ar_at_file=no
lt_cv_deplibs_check_method=pass_all
lt_cv_file_magic_cmd='$MAGIC_CMD'
lt_cv_file_magic_test_file=
lt_cv_ld_exported_symbols_list=yes
lt_cv_ld_force_load=yes
lt_cv_ld_reload_flag=-r
lt_cv_nm_interface='BSD nm'
lt_cv_objdir=.libs
lt_cv_path_LD=/Applications/Xcode.app/Contents/Developer/Toolchains/XcodeDefault.xctoolchain/usr/bin/ld
lt_cv_path_NM=/usr/bin/nm
lt_cv_path_mainfest_tool=no
lt_cv_prog_compiler_c_o=yes
lt_cv_prog_compiler_pic='-fno-common -DPIC'
lt_cv_prog_compiler_pic_works=yes
lt_cv_prog_compiler_rtti_exceptions=yes
lt_cv_prog_compiler_static_works=no
lt_cv_prog_gnu_ld=no
lt_cv_sharedlib_from_linklib_cmd='printf %s\n'
lt_cv_sys_global_symbol_pipe='sed -n -e '\''s/^.*[	 ]\([BCDEGRST][BCDEGRST]*\)[	 ][	 ]*_\([_A-Za-z][_A-Za-z0-9]*\)$/\1 _\2 \2/p'\'' | sed '\''/ __gnu_lto/d'\'''
lt_cv_sys_global_symbol_to_c_name_address='sed -n -e '\''s/^: \(.*\) .*$/  {"\1", (void *) 0},/p'\'' -e '\''s/^[BCDEGRST][BCDEGRST]* .* \(.*\)$/  {"\1", (void *) \&\1},/p'\'''
lt_cv_sys_global_symbol_to_c_name_address_lib_prefix='sed -n -e '\''s/^: \(.*\) .*$/  {"\1", (void *) 0},/p'\'' -e '\''s/^[BCDEGRST][BCDEGRST]* .* \(lib.*\)$/  {"\1", (void *) \&\1},/p'\'' -e '\''s/^[BCDEGRST][BCDEGRST]* .* \(.*\)$/  {"lib\1", (void *) \&\1},/p'\'''
lt_cv_sys_global_symbol_to_cdecl='sed -n -e '\''s/^T .* \(.*\)$/extern int \1();/p'\'' -e '\''s/^[BCDEGRST][BCDEGRST]* .* \(.*\)$/extern char \1;/p'\'''
lt_cv_sys_global_symbol_to_import=
lt_cv_sys_max_cmd_len=196608
lt_cv_to_host_file_cmd=func_convert_file_noop
lt_cv_to_tool_file_cmd=func_convert_file_noop
lt_cv_truncate_bin='/bin/dd bs=4096 count=1'
pkg_cv_libusb_CFLAGS=-I/usr/local/Cellar/libusb/1.0.20/include/libusb-1.0
pkg_cv_libusb_LIBS='-L/usr/local/Cellar/libusb/1.0.20/lib -lusb-1.0'

## ----------------- ##
## Output variables. ##
## ----------------- ##

ACLOCAL='${SHELL} /Users/marko/tools/openocd-code-89bf96ffe6ac66c80407af8383b9d5adc0dc35f4/src/jtag/drivers/libjaylink/build-aux/missing aclocal-1.15'
AMDEPBACKSLASH='\'
AMDEP_FALSE='#'
AMDEP_TRUE=''
AMTAR='$${TAR-tar}'
AM_BACKSLASH='\'
AM_DEFAULT_V='$(AM_DEFAULT_VERBOSITY)'
AM_DEFAULT_VERBOSITY='1'
AM_LIBTOOLFLAGS='--silent'
AM_V='$(V)'
AR='ar'
AUTOCONF='${SHELL} /Users/marko/tools/openocd-code-89bf96ffe6ac66c80407af8383b9d5adc0dc35f4/src/jtag/drivers/libjaylink/build-aux/missing autoconf'
AUTOHEADER='${SHELL} /Users/marko/tools/openocd-code-89bf96ffe6ac66c80407af8383b9d5adc0dc35f4/src/jtag/drivers/libjaylink/build-aux/missing autoheader'
AUTOMAKE='${SHELL} /Users/marko/tools/openocd-code-89bf96ffe6ac66c80407af8383b9d5adc0dc35f4/src/jtag/drivers/libjaylink/build-aux/missing automake-1.15'
AWK='awk'
CC='gcc'
CCDEPMODE='depmode=gcc3'
CFLAGS=' -Wall -Wextra -Werror -fvisibility=hidden -I/usr/local/Cellar/libusb/1.0.20/include/libusb-1.0'
CPP='gcc -E'
CPPFLAGS=''
CYGPATH_W='echo'
DEFS='-DHAVE_CONFIG_H'
DEPDIR='.deps'
DLLTOOL='false'
DSYMUTIL='dsymutil'
DUMPBIN=''
ECHO_C='\c'
ECHO_N=''
ECHO_T=''
EGREP='/usr/bin/grep -E'
EXEEXT=''
FGREP='/usr/bin/grep -F'
GREP='/usr/bin/grep'
INSTALL_DATA='${INSTALL} -m 644'
INSTALL_PROGRAM='${INSTALL}'
INSTALL_SCRIPT='${INSTALL}'
INSTALL_STRIP_PROGRAM='$(install_sh) -c -s'
JAYLINK_LIB_LDFLAGS=''
JAYLINK_VERSION_LIB='0:0:0'
JAYLINK_VERSION_LIB_AGE='0'
JAYLINK_VERSION_LIB_CURRENT='0'
JAYLINK_VERSION_LIB_REVISION='0'
JAYLINK_VERSION_PACKAGE='0.1.0'
JAYLINK_VERSION_PACKAGE_MAJOR='0'
JAYLINK_VERSION_PACKAGE_MICRO='0'
JAYLINK_VERSION_PACKAGE_MINOR='1'
LD='/Applications/Xcode.app/Contents/Developer/Toolchains/XcodeDefault.xctoolchain/usr/bin/ld'
LDFLAGS=''
LIBOBJS=''
LIBS=' -L/usr/local/Cellar/libusb/1.0.20/lib -lusb-1.0'
LIBTOOL='$(SHELL) $(top_builddir)/libtool'
LIPO='lipo'
LN_S='ln -s'
LTLIBOBJS=''
LT_SYS_LIBRARY_PATH=''
MAKEINFO='${SHELL} /Users/marko/tools/openocd-code-89bf96ffe6ac66c80407af8383b9d5adc0dc35f4/src/jtag/drivers/libjaylink/build-aux/missing makeinfo'
MANIFEST_TOOL=':'
MKDIR_P='build-aux/install-sh -c -d'
NM='/usr/bin/nm'
NMEDIT='nmedit'
OBJDUMP='false'
OBJEXT='o'
OTOOL64=':'
OTOOL='otool'
PACKAGE='libjaylink'
PACKAGE_BUGREPORT='BUG-REPORT-ADDRESS'
PACKAGE_NAME='libjaylink'
PACKAGE_STRING='libjaylink 0.1.0'
PACKAGE_TARNAME='libjaylink'
PACKAGE_URL=''
PACKAGE_VERSION='0.1.0'
PATH_SEPARATOR=':'
PKG_CONFIG='/usr/local/bin/pkg-config'
PKG_CONFIG_LIBDIR=''
PKG_CONFIG_PATH=''
RANLIB='ranlib'
SED='/usr/bin/sed'
SET_MAKE=''
SHELL='/bin/sh'
STRIP='strip'
SUBPROJECT_BUILD_FALSE='#'
SUBPROJECT_BUILD_TRUE=''
VERSION='0.1.0'
ac_ct_AR='ar'
ac_ct_CC='gcc'
ac_ct_DUMPBIN=''
am__EXEEXT_FALSE=''
am__EXEEXT_TRUE='#'
am__fastdepCC_FALSE='#'
am__fastdepCC_TRUE=''
am__include='include'
am__isrc=''
am__leading_dot='.'
am__nodep='_no'
am__quote=''
am__tar='$${TAR-tar} chof - "$$tardir"'
am__untar='$${TAR-tar} xf -'
bindir='${exec_prefix}/bin'
build='x86_64-apple-darwin14.5.0'
build_alias=''
build_cpu='x86_64'
build_os='darwin14.5.0'
build_vendor='apple'
datadir='${datarootdir}'
datarootdir='${prefix}/share'
docdir='${datarootdir}/doc/${PACKAGE_TARNAME}'
dvidir='${docdir}'
exec_prefix='${prefix}'
host='x86_64-apple-darwin14.5.0'
host_alias=''
host_cpu='x86_64'
host_os='darwin14.5.0'
host_vendor='apple'
htmldir='${docdir}'
includedir='${prefix}/include'
infodir='${datarootdir}/info'
install_sh='${SHELL} /Users/marko/tools/openocd-code-89bf96ffe6ac66c80407af8383b9d5adc0dc35f4/src/jtag/drivers/libjaylink/build-aux/install-sh'
libdir='${exec_prefix}/lib'
libexecdir='${exec_prefix}/libexec'
libusb_CFLAGS='-I/usr/local/Cellar/libusb/1.0.20/include/libusb-1.0'
libusb_LIBS='-L/usr/local/Cellar/libusb/1.0.20/lib -lusb-1.0'
localedir='${datarootdir}/locale'
localstatedir='${prefix}/var'
mandir='${datarootdir}/man'
mkdir_p='$(MKDIR_P)'
oldincludedir='/usr/include'
pdfdir='${docdir}'
prefix='/usr/local'
program_transform_name='s,x,x,'
psdir='${docdir}'
sbindir='${exec_prefix}/sbin'
sharedstatedir='${prefix}/com'
sysconfdir='${prefix}/etc'
target_alias=''

## ----------- ##
## confdefs.h. ##
## ----------- ##

/* confdefs.h */
#define PACKAGE_NAME "libjaylink"
#define PACKAGE_TARNAME "libjaylink"
#define PACKAGE_VERSION "0.1.0"
#define PACKAGE_STRING "libjaylink 0.1.0"
#define PACKAGE_BUGREPORT "BUG-REPORT-ADDRESS"
#define PACKAGE_URL ""
#define PACKAGE "libjaylink"
#define VERSION "0.1.0"
#define STDC_HEADERS 1
#define HAVE_SYS_TYPES_H 1
#define HAVE_SYS_STAT_H 1
#define HAVE_STDLIB_H 1
#define HAVE_STRING_H 1
#define HAVE_MEMORY_H 1
#define HAVE_STRINGS_H 1
#define HAVE_INTTYPES_H 1
#define HAVE_STDINT_H 1
#define HAVE_UNISTD_H 1
#define HAVE_DLFCN_H 1
#define LT_OBJDIR ".libs/"

configure: exit 0
