This file contains any messages produced by compilers while
running configure, to aid debugging if configure makes a mistake.

It was created by openocd configure 0.10.0-dev, which was
generated by GNU Autoconf 2.69.  Invocation command line was

  $ ./configure --enable-cmsis-dap --enable-openjtag_ftdi --enable-jlink --enable-stlink

## --------- ##
## Platform. ##
## --------- ##

hostname = IsMyLaptop.local
uname -m = x86_64
uname -r = 14.5.0
uname -s = Darwin
uname -v = Darwin Kernel Version 14.5.0: Mon Jan 11 18:48:35 PST 2016; root:xnu-2782.50.2~1/RELEASE_X86_64

/usr/bin/uname -p = i386
/bin/uname -X     = unknown

/bin/arch              = unknown
/usr/bin/arch -k       = unknown
/usr/convex/getsysinfo = unknown
/usr/bin/hostinfo      = Mach kernel version:
	 Darwin Kernel Version 14.5.0: Mon Jan 11 18:48:35 PST 2016; root:xnu-2782.50.2~1/RELEASE_X86_64
Kernel configured for up to 8 processors.
4 processors are physically available.
8 processors are logically available.
Processor type: x86_64h (Intel x86-64h Haswell)
Processors active: 0 1 2 3 4 5 6 7
Primary memory available: 16.00 gigabytes
Default processor set: 273 tasks, 1352 threads, 8 processors
Load average: 1.22, Mach factor: 6.76
/bin/machine           = unknown
/usr/bin/oslevel       = unknown
/bin/universe          = unknown

PATH: /opt/local/bin
PATH: /opt/local/sbin
PATH: /opt/local/bin
PATH: /usr/local/bin
PATH: /usr/bin
PATH: /bin
PATH: /usr/sbin
PATH: /sbin
PATH: /Users/marko/bin
PATH: /Applications/microchip/xc32/v1.20/bin
PATH: /opt/gcc-arm-none-eabi-4_8-2014q3/bin


## ----------- ##
## Core tests. ##
## ----------- ##

configure:2601: checking for makeinfo
configure:2617: found /usr/bin/makeinfo
configure:2628: result: makeinfo
configure:2688: checking for a BSD-compatible install
configure:2756: result: /usr/bin/install -c
configure:2767: checking whether build environment is sane
configure:2822: result: yes
configure:2973: checking for a thread-safe mkdir -p
configure:3012: result: ./install-sh -c -d
configure:3019: checking for gawk
configure:3049: result: no
configure:3019: checking for mawk
configure:3049: result: no
configure:3019: checking for nawk
configure:3049: result: no
configure:3019: checking for awk
configure:3035: found /usr/bin/awk
configure:3046: result: awk
configure:3057: checking whether make sets $(MAKE)
configure:3079: result: yes
configure:3108: checking whether make supports nested variables
configure:3125: result: yes
configure:3310: checking for gcc
configure:3326: found /usr/bin/gcc
configure:3337: result: gcc
configure:3566: checking for C compiler version
configure:3575: gcc --version >&5
Apple LLVM version 7.0.2 (clang-700.1.81)
Target: x86_64-apple-darwin14.5.0
Thread model: posix
Configured with: --prefix=/Applications/Xcode.app/Contents/Developer/usr --with-gxx-include-dir=/usr/include/c++/4.2.1
configure:3586: $? = 0
configure:3575: gcc -v >&5
Configured with: --prefix=/Applications/Xcode.app/Contents/Developer/usr --with-gxx-include-dir=/usr/include/c++/4.2.1
Apple LLVM version 7.0.2 (clang-700.1.81)
Target: x86_64-apple-darwin14.5.0
Thread model: posix
configure:3586: $? = 0
configure:3575: gcc -V >&5
clang: error: argument to '-V' is missing (expected 1 value)
clang: error: no input files
configure:3586: $? = 1
configure:3575: gcc -qversion >&5
clang: error: unknown argument: '-qversion'
clang: error: no input files
configure:3586: $? = 1
configure:3606: checking whether the C compiler works
configure:3628: gcc    conftest.c  >&5
configure:3632: $? = 0
configure:3680: result: yes
configure:3683: checking for C compiler default output file name
configure:3685: result: a.out
configure:3691: checking for suffix of executables
configure:3698: gcc -o conftest    conftest.c  >&5
configure:3702: $? = 0
configure:3724: result: 
configure:3746: checking whether we are cross compiling
configure:3754: gcc -o conftest    conftest.c  >&5
configure:3758: $? = 0
configure:3765: ./conftest
configure:3769: $? = 0
configure:3784: result: no
configure:3789: checking for suffix of object files
configure:3811: gcc -c   conftest.c >&5
configure:3815: $? = 0
configure:3836: result: o
configure:3840: checking whether we are using the GNU C compiler
configure:3859: gcc -c   conftest.c >&5
configure:3859: $? = 0
configure:3868: result: yes
configure:3877: checking whether gcc accepts -g
configure:3897: gcc -c -g  conftest.c >&5
configure:3897: $? = 0
configure:3938: result: yes
configure:3955: checking for gcc option to accept ISO C89
configure:4018: gcc  -c -g -O2  conftest.c >&5
configure:4018: $? = 0
configure:4031: result: none needed
configure:4056: checking whether gcc understands -c and -o together
configure:4078: gcc -c conftest.c -o conftest2.o
configure:4081: $? = 0
configure:4078: gcc -c conftest.c -o conftest2.o
configure:4081: $? = 0
configure:4093: result: yes
configure:4121: checking for style of include used by make
configure:4149: result: GNU
configure:4175: checking dependency style of gcc
configure:4286: result: gcc3
configure:4301: checking for gcc option to accept ISO C99
configure:4450: gcc  -c -g -O2  conftest.c >&5
configure:4450: $? = 0
configure:4463: result: none needed
configure:4522: checking for ranlib
configure:4538: found /usr/bin/ranlib
configure:4549: result: ranlib
configure:4625: checking for pkg-config
configure:4643: found /usr/local/bin/pkg-config
configure:4655: result: /usr/local/bin/pkg-config
configure:4680: checking pkg-config is at least version 0.23
configure:4683: result: yes
configure:4755: checking build system type
configure:4769: result: x86_64-apple-darwin14.5.0
configure:4789: checking host system type
configure:4802: result: x86_64-apple-darwin14.5.0
configure:4843: checking how to print strings
configure:4870: result: printf
configure:4891: checking for a sed that does not truncate output
configure:4955: result: /usr/bin/sed
configure:4973: checking for grep that handles long lines and -e
configure:5031: result: /usr/bin/grep
configure:5036: checking for egrep
configure:5098: result: /usr/bin/grep -E
configure:5103: checking for fgrep
configure:5165: result: /usr/bin/grep -F
configure:5200: checking for ld used by gcc
configure:5267: result: /Applications/Xcode.app/Contents/Developer/Toolchains/XcodeDefault.xctoolchain/usr/bin/ld
configure:5274: checking if the linker (/Applications/Xcode.app/Contents/Developer/Toolchains/XcodeDefault.xctoolchain/usr/bin/ld) is GNU ld
configure:5289: result: no
configure:5301: checking for BSD- or MS-compatible name lister (nm)
configure:5355: result: /usr/bin/nm
configure:5485: checking the name lister (/usr/bin/nm) interface
configure:5492: gcc -c -g -O2  conftest.c >&5
configure:5495: /usr/bin/nm "conftest.o"
configure:5498: output
0000000000000218 S _some_variable
configure:5505: result: BSD nm
configure:5508: checking whether ln -s works
configure:5512: result: yes
configure:5520: checking the maximum length of command line arguments
configure:5651: result: 196608
configure:5699: checking how to convert x86_64-apple-darwin14.5.0 file names to x86_64-apple-darwin14.5.0 format
configure:5739: result: func_convert_file_noop
configure:5746: checking how to convert x86_64-apple-darwin14.5.0 file names to toolchain format
configure:5766: result: func_convert_file_noop
configure:5773: checking for /Applications/Xcode.app/Contents/Developer/Toolchains/XcodeDefault.xctoolchain/usr/bin/ld option to reload object files
configure:5780: result: -r
configure:5854: checking for objdump
configure:5884: result: no
configure:5913: checking how to recognize dependent libraries
configure:6113: result: pass_all
configure:6198: checking for dlltool
configure:6228: result: no
configure:6258: checking how to associate runtime and link libraries
configure:6285: result: printf %s\n
configure:6346: checking for ar
configure:6362: found /usr/bin/ar
configure:6373: result: ar
configure:6410: checking for archiver @FILE support
configure:6427: gcc -c -g -O2  conftest.c >&5
configure:6427: $? = 0
configure:6430: ar cru libconftest.a @conftest.lst >&5
ar: @conftest.lst: No such file or directory
configure:6433: $? = 1
configure:6453: result: no
configure:6511: checking for strip
configure:6527: found /usr/bin/strip
configure:6538: result: strip
configure:6610: checking for ranlib
configure:6637: result: ranlib
configure:6739: checking command to parse /usr/bin/nm output from gcc object
configure:6892: gcc -c -g -O2  conftest.c >&5
configure:6895: $? = 0
configure:6899: /usr/bin/nm conftest.o \| sed -n -e 's/^.*[ ]\([BCDEGRST][BCDEGRST]*\)[ ][ ]*\([_A-Za-z][_A-Za-z0-9]*\)$/\1 \2 \2/p' | sed '/ __gnu_lto/d' \> conftest.nm
configure:6902: $? = 0
cannot find nm_test_var in conftest.nm
configure:6892: gcc -c -g -O2  conftest.c >&5
configure:6895: $? = 0
configure:6899: /usr/bin/nm conftest.o \| sed -n -e 's/^.*[ ]\([BCDEGRST][BCDEGRST]*\)[ ][ ]*_\([_A-Za-z][_A-Za-z0-9]*\)$/\1 _\2 \2/p' | sed '/ __gnu_lto/d' \> conftest.nm
configure:6902: $? = 0
configure:6968: gcc -o conftest -g -O2   conftest.c conftstm.o >&5
warning: (x86_64)  could not find object file symbol for symbol _main
configure:6971: $? = 0
configure:7009: result: ok
configure:7056: checking for sysroot
configure:7086: result: no
configure:7093: checking for a working dd
configure:7131: result: /bin/dd
configure:7135: checking how to truncate binary pipes
configure:7150: result: /bin/dd bs=4096 count=1
configure:7479: checking for mt
configure:7509: result: no
configure:7529: checking if : is a manifest tool
configure:7535: : '-?'
configure:7543: result: no
configure:7599: checking for dsymutil
configure:7615: found /usr/bin/dsymutil
configure:7626: result: dsymutil
configure:7691: checking for nmedit
configure:7707: found /usr/bin/nmedit
configure:7718: result: nmedit
configure:7783: checking for lipo
configure:7799: found /usr/bin/lipo
configure:7810: result: lipo
configure:7875: checking for otool
configure:7891: found /usr/bin/otool
configure:7902: result: otool
configure:7967: checking for otool64
configure:7997: result: no
configure:8042: checking for -single_module linker flag
gcc -g -O2  -o libconftest.dylib -dynamiclib -Wl,-single_module conftest.c
configure:8075: result: yes
configure:8078: checking for -exported_symbols_list linker flag
configure:8098: gcc -o conftest -g -O2   -Wl,-exported_symbols_list,conftest.sym conftest.c  >&5
configure:8098: $? = 0
configure:8108: result: yes
configure:8111: checking for -force_load linker flag
gcc -g -O2 -c -o conftest.o conftest.c
ar cru libconftest.a conftest.o
ranlib libconftest.a
gcc -g -O2  -o conftest conftest.c -Wl,-force_load,./libconftest.a
configure:8143: result: yes
configure:8220: checking how to run the C preprocessor
configure:8251: gcc -E  conftest.c
configure:8251: $? = 0
configure:8265: gcc -E  conftest.c
conftest.c:11:10: fatal error: 'ac_nonexistent.h' file not found
#include <ac_nonexistent.h>
         ^
1 error generated.
configure:8265: $? = 1
configure: failed program was:
| /* confdefs.h */
| #define PACKAGE_NAME "openocd"
| #define PACKAGE_TARNAME "openocd"
| #define PACKAGE_VERSION "0.10.0-dev"
| #define PACKAGE_STRING "openocd 0.10.0-dev"
| #define PACKAGE_BUGREPORT "OpenOCD Mailing List <openocd-devel@lists.sourceforge.net>"
| #define PACKAGE_URL ""
| #define PACKAGE "openocd"
| #define VERSION "0.10.0-dev"
| /* end confdefs.h.  */
| #include <ac_nonexistent.h>
configure:8290: result: gcc -E
configure:8310: gcc -E  conftest.c
configure:8310: $? = 0
configure:8324: gcc -E  conftest.c
conftest.c:11:10: fatal error: 'ac_nonexistent.h' file not found
#include <ac_nonexistent.h>
         ^
1 error generated.
configure:8324: $? = 1
configure: failed program was:
| /* confdefs.h */
| #define PACKAGE_NAME "openocd"
| #define PACKAGE_TARNAME "openocd"
| #define PACKAGE_VERSION "0.10.0-dev"
| #define PACKAGE_STRING "openocd 0.10.0-dev"
| #define PACKAGE_BUGREPORT "OpenOCD Mailing List <openocd-devel@lists.sourceforge.net>"
| #define PACKAGE_URL ""
| #define PACKAGE "openocd"
| #define VERSION "0.10.0-dev"
| /* end confdefs.h.  */
| #include <ac_nonexistent.h>
configure:8353: checking for ANSI C header files
configure:8373: gcc -c -g -O2  conftest.c >&5
configure:8373: $? = 0
configure:8446: gcc -o conftest -g -O2   conftest.c  >&5
configure:8446: $? = 0
configure:8446: ./conftest
configure:8446: $? = 0
configure:8457: result: yes
configure:8470: checking for sys/types.h
configure:8470: gcc -c -g -O2  conftest.c >&5
configure:8470: $? = 0
configure:8470: result: yes
configure:8470: checking for sys/stat.h
configure:8470: gcc -c -g -O2  conftest.c >&5
configure:8470: $? = 0
configure:8470: result: yes
configure:8470: checking for stdlib.h
configure:8470: gcc -c -g -O2  conftest.c >&5
configure:8470: $? = 0
configure:8470: result: yes
configure:8470: checking for string.h
configure:8470: gcc -c -g -O2  conftest.c >&5
configure:8470: $? = 0
configure:8470: result: yes
configure:8470: checking for memory.h
configure:8470: gcc -c -g -O2  conftest.c >&5
configure:8470: $? = 0
configure:8470: result: yes
configure:8470: checking for strings.h
configure:8470: gcc -c -g -O2  conftest.c >&5
configure:8470: $? = 0
configure:8470: result: yes
configure:8470: checking for inttypes.h
configure:8470: gcc -c -g -O2  conftest.c >&5
configure:8470: $? = 0
configure:8470: result: yes
configure:8470: checking for stdint.h
configure:8470: gcc -c -g -O2  conftest.c >&5
configure:8470: $? = 0
configure:8470: result: yes
configure:8470: checking for unistd.h
configure:8470: gcc -c -g -O2  conftest.c >&5
configure:8470: $? = 0
configure:8470: result: yes
configure:8484: checking for dlfcn.h
configure:8484: gcc -c -g -O2  conftest.c >&5
configure:8484: $? = 0
configure:8484: result: yes
configure:8710: checking for objdir
configure:8725: result: .libs
configure:8985: checking if gcc supports -fno-rtti -fno-exceptions
configure:9003: gcc -c -g -O2  -fno-rtti -fno-exceptions conftest.c >&5
configure:9007: $? = 0
configure:9020: result: yes
configure:9378: checking for gcc option to produce PIC
configure:9385: result: -fno-common -DPIC
configure:9393: checking if gcc PIC flag -fno-common -DPIC works
configure:9411: gcc -c -g -O2  -fno-common -DPIC -DPIC conftest.c >&5
configure:9415: $? = 0
configure:9428: result: yes
configure:9457: checking if gcc static flag -static works
configure:9485: result: no
configure:9500: checking if gcc supports -c -o file.o
configure:9521: gcc -c -g -O2  -o out/conftest2.o conftest.c >&5
configure:9525: $? = 0
configure:9547: result: yes
configure:9555: checking if gcc supports -c -o file.o
configure:9602: result: yes
configure:9635: checking whether the gcc linker (/Applications/Xcode.app/Contents/Developer/Toolchains/XcodeDefault.xctoolchain/usr/bin/ld) supports shared libraries
configure:10894: result: yes
configure:11134: checking dynamic linker characteristics
configure:11952: result: darwin14.5.0 dyld
configure:12074: checking how to hardcode library paths into programs
configure:12099: result: immediate
configure:12647: checking whether stripping libraries is possible
configure:12661: result: yes
configure:12687: checking if libtool supports shared libraries
configure:12689: result: yes
configure:12692: checking whether to build shared libraries
configure:12717: result: no
configure:12720: checking whether to build static libraries
configure:12724: result: yes
configure:12763: checking for an ANSI C-conforming const
configure:12829: gcc -c -g -O2  conftest.c >&5
configure:12829: $? = 0
configure:12836: result: yes
configure:12845: checking for unsigned long long int
configure:12893: result: yes
configure:12903: checking for long long int
configure:12953: result: yes
configure:12962: checking for library containing ioperm
configure:12993: gcc -o conftest -g -O2   conftest.c  >&5
Undefined symbols for architecture x86_64:
  "_ioperm", referenced from:
      _main in conftest-e8949c.o
ld: symbol(s) not found for architecture x86_64
clang: error: linker command failed with exit code 1 (use -v to see invocation)
configure:12993: $? = 1
configure: failed program was:
| /* confdefs.h */
| #define PACKAGE_NAME "openocd"
| #define PACKAGE_TARNAME "openocd"
| #define PACKAGE_VERSION "0.10.0-dev"
| #define PACKAGE_STRING "openocd 0.10.0-dev"
| #define PACKAGE_BUGREPORT "OpenOCD Mailing List <openocd-devel@lists.sourceforge.net>"
| #define PACKAGE_URL ""
| #define PACKAGE "openocd"
| #define VERSION "0.10.0-dev"
| #define STDC_HEADERS 1
| #define HAVE_SYS_TYPES_H 1
| #define HAVE_SYS_STAT_H 1
| #define HAVE_STDLIB_H 1
| #define HAVE_STRING_H 1
| #define HAVE_MEMORY_H 1
| #define HAVE_STRINGS_H 1
| #define HAVE_INTTYPES_H 1
| #define HAVE_STDINT_H 1
| #define HAVE_UNISTD_H 1
| #define HAVE_DLFCN_H 1
| #define LT_OBJDIR ".libs/"
| #define HAVE_UNSIGNED_LONG_LONG_INT 1
| #define HAVE_LONG_LONG_INT 1
| /* end confdefs.h.  */
| 
| /* Override any GCC internal prototype to avoid an error.
|    Use char because int might match the return type of a GCC
|    builtin and then its argument prototype would still apply.  */
| #ifdef __cplusplus
| extern "C"
| #endif
| char ioperm ();
| int
| main ()
| {
| return ioperm ();
|   ;
|   return 0;
| }
configure:12993: gcc -o conftest -g -O2   conftest.c -lioperm   >&5
ld: library not found for -lioperm
clang: error: linker command failed with exit code 1 (use -v to see invocation)
configure:12993: $? = 1
configure: failed program was:
| /* confdefs.h */
| #define PACKAGE_NAME "openocd"
| #define PACKAGE_TARNAME "openocd"
| #define PACKAGE_VERSION "0.10.0-dev"
| #define PACKAGE_STRING "openocd 0.10.0-dev"
| #define PACKAGE_BUGREPORT "OpenOCD Mailing List <openocd-devel@lists.sourceforge.net>"
| #define PACKAGE_URL ""
| #define PACKAGE "openocd"
| #define VERSION "0.10.0-dev"
| #define STDC_HEADERS 1
| #define HAVE_SYS_TYPES_H 1
| #define HAVE_SYS_STAT_H 1
| #define HAVE_STDLIB_H 1
| #define HAVE_STRING_H 1
| #define HAVE_MEMORY_H 1
| #define HAVE_STRINGS_H 1
| #define HAVE_INTTYPES_H 1
| #define HAVE_STDINT_H 1
| #define HAVE_UNISTD_H 1
| #define HAVE_DLFCN_H 1
| #define LT_OBJDIR ".libs/"
| #define HAVE_UNSIGNED_LONG_LONG_INT 1
| #define HAVE_LONG_LONG_INT 1
| /* end confdefs.h.  */
| 
| /* Override any GCC internal prototype to avoid an error.
|    Use char because int might match the return type of a GCC
|    builtin and then its argument prototype would still apply.  */
| #ifdef __cplusplus
| extern "C"
| #endif
| char ioperm ();
| int
| main ()
| {
| return ioperm ();
|   ;
|   return 0;
| }
configure:13010: result: no
configure:13018: checking for library containing dlopen
configure:13049: gcc -o conftest -g -O2   conftest.c  >&5
configure:13049: $? = 0
configure:13066: result: none required
configure:13077: checking sys/socket.h usability
configure:13077: gcc -c -g -O2  conftest.c >&5
configure:13077: $? = 0
configure:13077: result: yes
configure:13077: checking sys/socket.h presence
configure:13077: gcc -E  conftest.c
configure:13077: $? = 0
configure:13077: result: yes
configure:13077: checking for sys/socket.h
configure:13077: result: yes
configure:13089: checking for arpa/inet.h
configure:13089: gcc -c -g -O2  conftest.c >&5
configure:13089: $? = 0
configure:13089: result: yes
configure:13114: checking elf.h usability
configure:13114: gcc -c -g -O2  conftest.c >&5
conftest.c:60:10: fatal error: 'elf.h' file not found
#include <elf.h>
         ^
1 error generated.
configure:13114: $? = 1
configure: failed program was:
| /* confdefs.h */
| #define PACKAGE_NAME "openocd"
| #define PACKAGE_TARNAME "openocd"
| #define PACKAGE_VERSION "0.10.0-dev"
| #define PACKAGE_STRING "openocd 0.10.0-dev"
| #define PACKAGE_BUGREPORT "OpenOCD Mailing List <openocd-devel@lists.sourceforge.net>"
| #define PACKAGE_URL ""
| #define PACKAGE "openocd"
| #define VERSION "0.10.0-dev"
| #define STDC_HEADERS 1
| #define HAVE_SYS_TYPES_H 1
| #define HAVE_SYS_STAT_H 1
| #define HAVE_STDLIB_H 1
| #define HAVE_STRING_H 1
| #define HAVE_MEMORY_H 1
| #define HAVE_STRINGS_H 1
| #define HAVE_INTTYPES_H 1
| #define HAVE_STDINT_H 1
| #define HAVE_UNISTD_H 1
| #define HAVE_DLFCN_H 1
| #define LT_OBJDIR ".libs/"
| #define HAVE_UNSIGNED_LONG_LONG_INT 1
| #define HAVE_LONG_LONG_INT 1
| #define HAVE_SYS_SOCKET_H 1
| #define HAVE_ARPA_INET_H 1
| /* end confdefs.h.  */
| #include <stdio.h>
| #ifdef HAVE_SYS_TYPES_H
| # include <sys/types.h>
| #endif
| #ifdef HAVE_SYS_STAT_H
| # include <sys/stat.h>
| #endif
| #ifdef STDC_HEADERS
| # include <stdlib.h>
| # include <stddef.h>
| #else
| # ifdef HAVE_STDLIB_H
| #  include <stdlib.h>
| # endif
| #endif
| #ifdef HAVE_STRING_H
| # if !defined STDC_HEADERS && defined HAVE_MEMORY_H
| #  include <memory.h>
| # endif
| # include <string.h>
| #endif
| #ifdef HAVE_STRINGS_H
| # include <strings.h>
| #endif
| #ifdef HAVE_INTTYPES_H
| # include <inttypes.h>
| #endif
| #ifdef HAVE_STDINT_H
| # include <stdint.h>
| #endif
| #ifdef HAVE_UNISTD_H
| # include <unistd.h>
| #endif
| #include <elf.h>
configure:13114: result: no
configure:13114: checking elf.h presence
configure:13114: gcc -E  conftest.c
conftest.c:27:10: fatal error: 'elf.h' file not found
#include <elf.h>
         ^
1 error generated.
configure:13114: $? = 1
configure: failed program was:
| /* confdefs.h */
| #define PACKAGE_NAME "openocd"
| #define PACKAGE_TARNAME "openocd"
| #define PACKAGE_VERSION "0.10.0-dev"
| #define PACKAGE_STRING "openocd 0.10.0-dev"
| #define PACKAGE_BUGREPORT "OpenOCD Mailing List <openocd-devel@lists.sourceforge.net>"
| #define PACKAGE_URL ""
| #define PACKAGE "openocd"
| #define VERSION "0.10.0-dev"
| #define STDC_HEADERS 1
| #define HAVE_SYS_TYPES_H 1
| #define HAVE_SYS_STAT_H 1
| #define HAVE_STDLIB_H 1
| #define HAVE_STRING_H 1
| #define HAVE_MEMORY_H 1
| #define HAVE_STRINGS_H 1
| #define HAVE_INTTYPES_H 1
| #define HAVE_STDINT_H 1
| #define HAVE_UNISTD_H 1
| #define HAVE_DLFCN_H 1
| #define LT_OBJDIR ".libs/"
| #define HAVE_UNSIGNED_LONG_LONG_INT 1
| #define HAVE_LONG_LONG_INT 1
| #define HAVE_SYS_SOCKET_H 1
| #define HAVE_ARPA_INET_H 1
| /* end confdefs.h.  */
| #include <elf.h>
configure:13114: result: no
configure:13114: checking for elf.h
configure:13114: result: no
configure:13126: checking dirent.h usability
configure:13126: gcc -c -g -O2  conftest.c >&5
configure:13126: $? = 0
configure:13126: result: yes
configure:13126: checking dirent.h presence
configure:13126: gcc -E  conftest.c
configure:13126: $? = 0
configure:13126: result: yes
configure:13126: checking for dirent.h
configure:13126: result: yes
configure:13138: checking fcntl.h usability
configure:13138: gcc -c -g -O2  conftest.c >&5
configure:13138: $? = 0
configure:13138: result: yes
configure:13138: checking fcntl.h presence
configure:13138: gcc -E  conftest.c
configure:13138: $? = 0
configure:13138: result: yes
configure:13138: checking for fcntl.h
configure:13138: result: yes
configure:13150: checking for ifaddrs.h
configure:13150: gcc -c -g -O2  conftest.c >&5
configure:13150: $? = 0
configure:13150: result: yes
configure:13175: checking malloc.h usability
configure:13175: gcc -c -g -O2  conftest.c >&5
conftest.c:63:10: fatal error: 'malloc.h' file not found
#include <malloc.h>
         ^
1 error generated.
configure:13175: $? = 1
configure: failed program was:
| /* confdefs.h */
| #define PACKAGE_NAME "openocd"
| #define PACKAGE_TARNAME "openocd"
| #define PACKAGE_VERSION "0.10.0-dev"
| #define PACKAGE_STRING "openocd 0.10.0-dev"
| #define PACKAGE_BUGREPORT "OpenOCD Mailing List <openocd-devel@lists.sourceforge.net>"
| #define PACKAGE_URL ""
| #define PACKAGE "openocd"
| #define VERSION "0.10.0-dev"
| #define STDC_HEADERS 1
| #define HAVE_SYS_TYPES_H 1
| #define HAVE_SYS_STAT_H 1
| #define HAVE_STDLIB_H 1
| #define HAVE_STRING_H 1
| #define HAVE_MEMORY_H 1
| #define HAVE_STRINGS_H 1
| #define HAVE_INTTYPES_H 1
| #define HAVE_STDINT_H 1
| #define HAVE_UNISTD_H 1
| #define HAVE_DLFCN_H 1
| #define LT_OBJDIR ".libs/"
| #define HAVE_UNSIGNED_LONG_LONG_INT 1
| #define HAVE_LONG_LONG_INT 1
| #define HAVE_SYS_SOCKET_H 1
| #define HAVE_ARPA_INET_H 1
| #define HAVE_DIRENT_H 1
| #define HAVE_FCNTL_H 1
| #define HAVE_IFADDRS_H 1
| /* end confdefs.h.  */
| #include <stdio.h>
| #ifdef HAVE_SYS_TYPES_H
| # include <sys/types.h>
| #endif
| #ifdef HAVE_SYS_STAT_H
| # include <sys/stat.h>
| #endif
| #ifdef STDC_HEADERS
| # include <stdlib.h>
| # include <stddef.h>
| #else
| # ifdef HAVE_STDLIB_H
| #  include <stdlib.h>
| # endif
| #endif
| #ifdef HAVE_STRING_H
| # if !defined STDC_HEADERS && defined HAVE_MEMORY_H
| #  include <memory.h>
| # endif
| # include <string.h>
| #endif
| #ifdef HAVE_STRINGS_H
| # include <strings.h>
| #endif
| #ifdef HAVE_INTTYPES_H
| # include <inttypes.h>
| #endif
| #ifdef HAVE_STDINT_H
| # include <stdint.h>
| #endif
| #ifdef HAVE_UNISTD_H
| # include <unistd.h>
| #endif
| #include <malloc.h>
configure:13175: result: no
configure:13175: checking malloc.h presence
configure:13175: gcc -E  conftest.c
conftest.c:30:10: fatal error: 'malloc.h' file not found
#include <malloc.h>
         ^
1 error generated.
configure:13175: $? = 1
configure: failed program was:
| /* confdefs.h */
| #define PACKAGE_NAME "openocd"
| #define PACKAGE_TARNAME "openocd"
| #define PACKAGE_VERSION "0.10.0-dev"
| #define PACKAGE_STRING "openocd 0.10.0-dev"
| #define PACKAGE_BUGREPORT "OpenOCD Mailing List <openocd-devel@lists.sourceforge.net>"
| #define PACKAGE_URL ""
| #define PACKAGE "openocd"
| #define VERSION "0.10.0-dev"
| #define STDC_HEADERS 1
| #define HAVE_SYS_TYPES_H 1
| #define HAVE_SYS_STAT_H 1
| #define HAVE_STDLIB_H 1
| #define HAVE_STRING_H 1
| #define HAVE_MEMORY_H 1
| #define HAVE_STRINGS_H 1
| #define HAVE_INTTYPES_H 1
| #define HAVE_STDINT_H 1
| #define HAVE_UNISTD_H 1
| #define HAVE_DLFCN_H 1
| #define LT_OBJDIR ".libs/"
| #define HAVE_UNSIGNED_LONG_LONG_INT 1
| #define HAVE_LONG_LONG_INT 1
| #define HAVE_SYS_SOCKET_H 1
| #define HAVE_ARPA_INET_H 1
| #define HAVE_DIRENT_H 1
| #define HAVE_FCNTL_H 1
| #define HAVE_IFADDRS_H 1
| /* end confdefs.h.  */
| #include <malloc.h>
configure:13175: result: no
configure:13175: checking for malloc.h
configure:13175: result: no
configure:13187: checking netdb.h usability
configure:13187: gcc -c -g -O2  conftest.c >&5
configure:13187: $? = 0
configure:13187: result: yes
configure:13187: checking netdb.h presence
configure:13187: gcc -E  conftest.c
configure:13187: $? = 0
configure:13187: result: yes
configure:13187: checking for netdb.h
configure:13187: result: yes
configure:13199: checking for netinet/in.h
configure:13199: gcc -c -g -O2  conftest.c >&5
configure:13199: $? = 0
configure:13199: result: yes
configure:13224: checking for netinet/tcp.h
configure:13224: gcc -c -g -O2  conftest.c >&5
configure:13224: $? = 0
configure:13224: result: yes
configure:13249: checking poll.h usability
configure:13249: gcc -c -g -O2  conftest.c >&5
configure:13249: $? = 0
configure:13249: result: yes
configure:13249: checking poll.h presence
configure:13249: gcc -E  conftest.c
configure:13249: $? = 0
configure:13249: result: yes
configure:13249: checking for poll.h
configure:13249: result: yes
configure:13261: checking pthread.h usability
configure:13261: gcc -c -g -O2  conftest.c >&5
configure:13261: $? = 0
configure:13261: result: yes
configure:13261: checking pthread.h presence
configure:13261: gcc -E  conftest.c
configure:13261: $? = 0
configure:13261: result: yes
configure:13261: checking for pthread.h
configure:13261: result: yes
configure:13273: checking for strings.h
configure:13273: result: yes
configure:13285: checking sys/ioctl.h usability
configure:13285: gcc -c -g -O2  conftest.c >&5
configure:13285: $? = 0
configure:13285: result: yes
configure:13285: checking sys/ioctl.h presence
configure:13285: gcc -E  conftest.c
configure:13285: $? = 0
configure:13285: result: yes
configure:13285: checking for sys/ioctl.h
configure:13285: result: yes
configure:13297: checking sys/param.h usability
configure:13297: gcc -c -g -O2  conftest.c >&5
configure:13297: $? = 0
configure:13297: result: yes
configure:13297: checking sys/param.h presence
configure:13297: gcc -E  conftest.c
configure:13297: $? = 0
configure:13297: result: yes
configure:13297: checking for sys/param.h
configure:13297: result: yes
configure:13309: checking sys/select.h usability
configure:13309: gcc -c -g -O2  conftest.c >&5
configure:13309: $? = 0
configure:13309: result: yes
configure:13309: checking sys/select.h presence
configure:13309: gcc -E  conftest.c
configure:13309: $? = 0
configure:13309: result: yes
configure:13309: checking for sys/select.h
configure:13309: result: yes
configure:13321: checking for sys/stat.h
configure:13321: result: yes
configure:13333: checking sys/time.h usability
configure:13333: gcc -c -g -O2  conftest.c >&5
configure:13333: $? = 0
configure:13333: result: yes
configure:13333: checking sys/time.h presence
configure:13333: gcc -E  conftest.c
configure:13333: $? = 0
configure:13333: result: yes
configure:13333: checking for sys/time.h
configure:13333: result: yes
configure:13345: checking for sys/types.h
configure:13345: result: yes
configure:13357: checking for unistd.h
configure:13357: result: yes
configure:13369: checking for net/if.h
configure:13369: gcc -c -g -O2  conftest.c >&5
configure:13369: $? = 0
configure:13369: result: yes
configure:13394: checking whether to enable assertions
configure:13412: result: yes
configure:13415: checking for stdbool.h that conforms to C99
configure:13482: gcc -c -g -O2  conftest.c >&5
conftest.c:93:24: warning: address of 's' will always evaluate to 'true' [-Wpointer-bool-conversion]
             bool e = &s;
                  ~    ^
conftest.c:97:23: warning: address of array 'a' will always evaluate to 'true' [-Wpointer-bool-conversion]
             return (!a + !b + !c + !d + !e + !f + !g + !h + !i + !!j + !k + !!l
                     ~^
conftest.c:97:28: warning: address of array 'b' will always evaluate to 'true' [-Wpointer-bool-conversion]
             return (!a + !b + !c + !d + !e + !f + !g + !h + !i + !!j + !k + !!l
                          ~^
conftest.c:97:33: warning: address of array 'c' will always evaluate to 'true' [-Wpointer-bool-conversion]
             return (!a + !b + !c + !d + !e + !f + !g + !h + !i + !!j + !k + !!l
                               ~^
conftest.c:97:38: warning: address of array 'd' will always evaluate to 'true' [-Wpointer-bool-conversion]
             return (!a + !b + !c + !d + !e + !f + !g + !h + !i + !!j + !k + !!l
                                    ~^
conftest.c:97:48: warning: address of array 'f' will always evaluate to 'true' [-Wpointer-bool-conversion]
             return (!a + !b + !c + !d + !e + !f + !g + !h + !i + !!j + !k + !!l
                                              ~^
conftest.c:97:53: warning: address of array 'g' will always evaluate to 'true' [-Wpointer-bool-conversion]
             return (!a + !b + !c + !d + !e + !f + !g + !h + !i + !!j + !k + !!l
                                                   ~^
conftest.c:97:58: warning: address of array 'h' will always evaluate to 'true' [-Wpointer-bool-conversion]
             return (!a + !b + !c + !d + !e + !f + !g + !h + !i + !!j + !k + !!l
                                                        ~^
conftest.c:97:63: warning: address of array 'i' will always evaluate to 'true' [-Wpointer-bool-conversion]
             return (!a + !b + !c + !d + !e + !f + !g + !h + !i + !!j + !k + !!l
                                                             ~^
conftest.c:98:30: warning: address of array 'n' will always evaluate to 'true' [-Wpointer-bool-conversion]
                            ~^
conftest.c:98:35: warning: address of array 'o' will always evaluate to 'true' [-Wpointer-bool-conversion]
                                 ~^
conftest.c:98:40: warning: address of array 'p' will always evaluate to 'true' [-Wpointer-bool-conversion]
                                      ~^
12 warnings generated.
configure:13482: $? = 0
configure:13489: result: yes
configure:13491: checking for _Bool
configure:13491: gcc -c -g -O2  conftest.c >&5
configure:13491: $? = 0
configure:13491: gcc -c -g -O2  conftest.c >&5
conftest.c:80:20: error: expected expression
if (sizeof ((_Bool)))
                   ^
1 error generated.
configure:13491: $? = 1
configure: failed program was:
| /* confdefs.h */
| #define PACKAGE_NAME "openocd"
| #define PACKAGE_TARNAME "openocd"
| #define PACKAGE_VERSION "0.10.0-dev"
| #define PACKAGE_STRING "openocd 0.10.0-dev"
| #define PACKAGE_BUGREPORT "OpenOCD Mailing List <openocd-devel@lists.sourceforge.net>"
| #define PACKAGE_URL ""
| #define PACKAGE "openocd"
| #define VERSION "0.10.0-dev"
| #define STDC_HEADERS 1
| #define HAVE_SYS_TYPES_H 1
| #define HAVE_SYS_STAT_H 1
| #define HAVE_STDLIB_H 1
| #define HAVE_STRING_H 1
| #define HAVE_MEMORY_H 1
| #define HAVE_STRINGS_H 1
| #define HAVE_INTTYPES_H 1
| #define HAVE_STDINT_H 1
| #define HAVE_UNISTD_H 1
| #define HAVE_DLFCN_H 1
| #define LT_OBJDIR ".libs/"
| #define HAVE_UNSIGNED_LONG_LONG_INT 1
| #define HAVE_LONG_LONG_INT 1
| #define HAVE_SYS_SOCKET_H 1
| #define HAVE_ARPA_INET_H 1
| #define HAVE_DIRENT_H 1
| #define HAVE_FCNTL_H 1
| #define HAVE_IFADDRS_H 1
| #define HAVE_NETDB_H 1
| #define HAVE_NETINET_IN_H 1
| #define HAVE_NETINET_TCP_H 1
| #define HAVE_POLL_H 1
| #define HAVE_PTHREAD_H 1
| #define HAVE_STRINGS_H 1
| #define HAVE_SYS_IOCTL_H 1
| #define HAVE_SYS_PARAM_H 1
| #define HAVE_SYS_SELECT_H 1
| #define HAVE_SYS_STAT_H 1
| #define HAVE_SYS_TIME_H 1
| #define HAVE_SYS_TYPES_H 1
| #define HAVE_UNISTD_H 1
| #define HAVE_NET_IF_H 1
| /* end confdefs.h.  */
| #include <stdio.h>
| #ifdef HAVE_SYS_TYPES_H
| # include <sys/types.h>
| #endif
| #ifdef HAVE_SYS_STAT_H
| # include <sys/stat.h>
| #endif
| #ifdef STDC_HEADERS
| # include <stdlib.h>
| # include <stddef.h>
| #else
| # ifdef HAVE_STDLIB_H
| #  include <stdlib.h>
| # endif
| #endif
| #ifdef HAVE_STRING_H
| # if !defined STDC_HEADERS && defined HAVE_MEMORY_H
| #  include <memory.h>
| # endif
| # include <string.h>
| #endif
| #ifdef HAVE_STRINGS_H
| # include <strings.h>
| #endif
| #ifdef HAVE_INTTYPES_H
| # include <inttypes.h>
| #endif
| #ifdef HAVE_STDINT_H
| # include <stdint.h>
| #endif
| #ifdef HAVE_UNISTD_H
| # include <unistd.h>
| #endif
| int
| main ()
| {
| if (sizeof ((_Bool)))
| 	    return 0;
|   ;
|   return 0;
| }
configure:13491: result: yes
configure:13508: checking whether time.h and sys/time.h may both be included
configure:13528: gcc -c -g -O2  conftest.c >&5
configure:13528: $? = 0
configure:13535: result: yes
configure:13544: checking whether byte ordering is bigendian
configure:13559: gcc -c -g -O2  conftest.c >&5
configure:13559: $? = 0
configure:13604: gcc -c -g -O2  conftest.c >&5
configure:13604: $? = 0
configure:13622: gcc -c -g -O2  conftest.c >&5
conftest.c:54:4: error: use of undeclared identifier 'not'
                 not big endian
                 ^
1 error generated.
configure:13622: $? = 1
configure: failed program was:
| /* confdefs.h */
| #define PACKAGE_NAME "openocd"
| #define PACKAGE_TARNAME "openocd"
| #define PACKAGE_VERSION "0.10.0-dev"
| #define PACKAGE_STRING "openocd 0.10.0-dev"
| #define PACKAGE_BUGREPORT "OpenOCD Mailing List <openocd-devel@lists.sourceforge.net>"
| #define PACKAGE_URL ""
| #define PACKAGE "openocd"
| #define VERSION "0.10.0-dev"
| #define STDC_HEADERS 1
| #define HAVE_SYS_TYPES_H 1
| #define HAVE_SYS_STAT_H 1
| #define HAVE_STDLIB_H 1
| #define HAVE_STRING_H 1
| #define HAVE_MEMORY_H 1
| #define HAVE_STRINGS_H 1
| #define HAVE_INTTYPES_H 1
| #define HAVE_STDINT_H 1
| #define HAVE_UNISTD_H 1
| #define HAVE_DLFCN_H 1
| #define LT_OBJDIR ".libs/"
| #define HAVE_UNSIGNED_LONG_LONG_INT 1
| #define HAVE_LONG_LONG_INT 1
| #define HAVE_SYS_SOCKET_H 1
| #define HAVE_ARPA_INET_H 1
| #define HAVE_DIRENT_H 1
| #define HAVE_FCNTL_H 1
| #define HAVE_IFADDRS_H 1
| #define HAVE_NETDB_H 1
| #define HAVE_NETINET_IN_H 1
| #define HAVE_NETINET_TCP_H 1
| #define HAVE_POLL_H 1
| #define HAVE_PTHREAD_H 1
| #define HAVE_STRINGS_H 1
| #define HAVE_SYS_IOCTL_H 1
| #define HAVE_SYS_PARAM_H 1
| #define HAVE_SYS_SELECT_H 1
| #define HAVE_SYS_STAT_H 1
| #define HAVE_SYS_TIME_H 1
| #define HAVE_SYS_TYPES_H 1
| #define HAVE_UNISTD_H 1
| #define HAVE_NET_IF_H 1
| #define HAVE__BOOL 1
| #define HAVE_STDBOOL_H 1
| #define TIME_WITH_SYS_TIME 1
| /* end confdefs.h.  */
| #include <sys/types.h>
| 		#include <sys/param.h>
| 
| int
| main ()
| {
| #if BYTE_ORDER != BIG_ENDIAN
| 		 not big endian
| 		#endif
| 
|   ;
|   return 0;
| }
configure:13750: result: no
configure:13771: checking for strndup
configure:13771: gcc -o conftest -g -O2   conftest.c  >&5
conftest.c:70:6: warning: incompatible redeclaration of library function 'strndup' [-Wincompatible-library-redeclaration]
char strndup ();
     ^
conftest.c:70:6: note: 'strndup' is a builtin with type 'char *(const char *, unsigned long)'
1 warning generated.
configure:13771: $? = 0
configure:13771: result: yes
configure:13782: checking for strnlen
configure:13782: gcc -o conftest -g -O2   conftest.c  >&5
configure:13782: $? = 0
configure:13782: result: yes
configure:13793: checking for gettimeofday
configure:13793: gcc -o conftest -g -O2   conftest.c  >&5
configure:13793: $? = 0
configure:13793: result: yes
configure:13804: checking for usleep
configure:13804: gcc -o conftest -g -O2   conftest.c  >&5
configure:13804: $? = 0
configure:13804: result: yes
configure:13815: checking for vasprintf
configure:13815: gcc -o conftest -g -O2   conftest.c  >&5
conftest.c:85:19: warning: format string missing [-Wformat]
return vasprintf ();
       ~~~~~~~~~  ^
1 warning generated.
configure:13815: $? = 0
configure:13815: result: yes
configure:13833: checking whether to build a release
configure:13840: result: no
configure:13978: checking whether to build Doxygen as HTML
configure:13980: result: yes
configure:13991: checking whether to build Doxygen as PDF
configure:13993: result: no
configure:14053: checking whether to enable verbose JTAG I/O messages
configure:14055: result: no
configure:14063: checking whether to enable verbose USB I/O messages
configure:14065: result: no
configure:14073: checking whether to enable verbose USB communication messages
configure:14075: result: no
configure:14090: checking whether to enable malloc free space logging
configure:14092: result: no
configure:14451: checking whether to enable ZY1000 minidriver
configure:14462: result: no
configure:14473: checking whether to enable dummy minidriver
configure:14487: result: no
configure:14490: checking whether standard drivers can be built
configure:14499: result: yes
configure:15392: checking for LIBFTDI
configure:15399: $PKG_CONFIG --exists --print-errors "libftdi1"
configure:15402: $? = 0
configure:15416: $PKG_CONFIG --exists --print-errors "libftdi1"
configure:15419: $? = 0
configure:15457: result: yes
configure:15540: checking Build & Link with libftdi...
configure:15640: gcc -o conftest -g -O2 -I/usr/local/Cellar/libftdi/1.1/include/libftdi1 -I/usr/local/Cellar/libusb/1.0.20/include/libusb-1.0   conftest.c  -L/usr/local/Cellar/libftdi/1.1/lib -L/usr/local/Cellar/libusb/1.0.20/lib -lftdi1 -lusb-1.0 >&5
conftest.c:77:9: warning: 'BUILD_OPENJTAG' macro redefined [-Wmacro-redefined]
#define BUILD_OPENJTAG 1
        ^
conftest.c:74:9: note: previous definition is here
#define BUILD_OPENJTAG 0
        ^
conftest.c:78:9: warning: 'BUILD_OPENJTAG_LIBFTDI' macro redefined [-Wmacro-redefined]
#define BUILD_OPENJTAG_LIBFTDI 1
        ^
conftest.c:76:9: note: previous definition is here
#define BUILD_OPENJTAG_LIBFTDI 0
        ^
2 warnings generated.
configure:15640: $? = 0
configure:15640: ./conftest
configure:15640: $? = 0
configure:15642: result: Success
configure:15655: checking for libftdi highspeed device support
configure:15673: gcc -c -g -O2 -I/usr/local/Cellar/libftdi/1.1/include/libftdi1 -I/usr/local/Cellar/libusb/1.0.20/include/libusb-1.0  conftest.c >&5
conftest.c:77:9: warning: 'BUILD_OPENJTAG' macro redefined [-Wmacro-redefined]
#define BUILD_OPENJTAG 1
        ^
conftest.c:74:9: note: previous definition is here
#define BUILD_OPENJTAG 0
        ^
conftest.c:78:9: warning: 'BUILD_OPENJTAG_LIBFTDI' macro redefined [-Wmacro-redefined]
#define BUILD_OPENJTAG_LIBFTDI 1
        ^
conftest.c:76:9: note: previous definition is here
#define BUILD_OPENJTAG_LIBFTDI 0
        ^
2 warnings generated.
configure:15673: $? = 0
configure:15686: result: yes
configure:15694: checking for libftdi FT232H device support
configure:15712: gcc -c -g -O2 -I/usr/local/Cellar/libftdi/1.1/include/libftdi1 -I/usr/local/Cellar/libusb/1.0.20/include/libusb-1.0  conftest.c >&5
conftest.c:77:9: warning: 'BUILD_OPENJTAG' macro redefined [-Wmacro-redefined]
#define BUILD_OPENJTAG 1
        ^
conftest.c:74:9: note: previous definition is here
#define BUILD_OPENJTAG 0
        ^
conftest.c:78:9: warning: 'BUILD_OPENJTAG_LIBFTDI' macro redefined [-Wmacro-redefined]
#define BUILD_OPENJTAG_LIBFTDI 1
        ^
conftest.c:76:9: note: previous definition is here
#define BUILD_OPENJTAG_LIBFTDI 0
        ^
2 warnings generated.
configure:15712: $? = 0
configure:15725: result: yes
configure:15741: checking for LIBUSB1
configure:15748: $PKG_CONFIG --exists --print-errors "libusb-1.0"
configure:15751: $? = 0
configure:15765: $PKG_CONFIG --exists --print-errors "libusb-1.0"
configure:15768: $? = 0
configure:15814: result: yes
configure:15822: $PKG_CONFIG --exists --print-errors "libusb-1.0 >= 1.0.9"
configure:15825: $? = 0
configure:15835: libusb-1.0 header bug workaround: LIBUSB1_CFLAGS changed to "-isystem /usr/local/Cellar/libusb/1.0.20/include/libusb-1.0"
configure:15838: $PKG_CONFIG --exists --print-errors "libusb-1.0 >= 1.0.16"
configure:15841: $? = 0
configure:15852: checking for LIBUSB0
configure:15859: $PKG_CONFIG --exists --print-errors "libusb"
configure:15862: $? = 0
configure:15876: $PKG_CONFIG --exists --print-errors "libusb"
configure:15879: $? = 0
configure:15917: result: yes
configure:15925: checking for HIDAPI
configure:15932: $PKG_CONFIG --exists --print-errors "$hidapi_lib"
configure:15935: $? = 0
configure:15949: $PKG_CONFIG --exists --print-errors "$hidapi_lib"
configure:15952: $? = 0
configure:15994: result: yes
configure:16702: checking for environ in unistd.h and stdlib.h
configure:16720: gcc -c -g -O2  conftest.c >&5
conftest.c:77:9: warning: 'BUILD_OPENJTAG' macro redefined [-Wmacro-redefined]
#define BUILD_OPENJTAG 1
        ^
conftest.c:74:9: note: previous definition is here
#define BUILD_OPENJTAG 0
        ^
conftest.c:78:9: warning: 'BUILD_OPENJTAG_LIBFTDI' macro redefined [-Wmacro-redefined]
#define BUILD_OPENJTAG_LIBFTDI 1
        ^
conftest.c:76:9: note: previous definition is here
#define BUILD_OPENJTAG_LIBFTDI 0
        ^
conftest.c:112:13: error: use of undeclared identifier 'environ'
char **ep = environ;
            ^
2 warnings and 1 error generated.
configure:16720: $? = 1
configure: failed program was:
| /* confdefs.h */
| #define PACKAGE_NAME "openocd"
| #define PACKAGE_TARNAME "openocd"
| #define PACKAGE_VERSION "0.10.0-dev"
| #define PACKAGE_STRING "openocd 0.10.0-dev"
| #define PACKAGE_BUGREPORT "OpenOCD Mailing List <openocd-devel@lists.sourceforge.net>"
| #define PACKAGE_URL ""
| #define PACKAGE "openocd"
| #define VERSION "0.10.0-dev"
| #define STDC_HEADERS 1
| #define HAVE_SYS_TYPES_H 1
| #define HAVE_SYS_STAT_H 1
| #define HAVE_STDLIB_H 1
| #define HAVE_STRING_H 1
| #define HAVE_MEMORY_H 1
| #define HAVE_STRINGS_H 1
| #define HAVE_INTTYPES_H 1
| #define HAVE_STDINT_H 1
| #define HAVE_UNISTD_H 1
| #define HAVE_DLFCN_H 1
| #define LT_OBJDIR ".libs/"
| #define HAVE_UNSIGNED_LONG_LONG_INT 1
| #define HAVE_LONG_LONG_INT 1
| #define HAVE_SYS_SOCKET_H 1
| #define HAVE_ARPA_INET_H 1
| #define HAVE_DIRENT_H 1
| #define HAVE_FCNTL_H 1
| #define HAVE_IFADDRS_H 1
| #define HAVE_NETDB_H 1
| #define HAVE_NETINET_IN_H 1
| #define HAVE_NETINET_TCP_H 1
| #define HAVE_POLL_H 1
| #define HAVE_PTHREAD_H 1
| #define HAVE_STRINGS_H 1
| #define HAVE_SYS_IOCTL_H 1
| #define HAVE_SYS_PARAM_H 1
| #define HAVE_SYS_SELECT_H 1
| #define HAVE_SYS_STAT_H 1
| #define HAVE_SYS_TIME_H 1
| #define HAVE_SYS_TYPES_H 1
| #define HAVE_UNISTD_H 1
| #define HAVE_NET_IF_H 1
| #define HAVE__BOOL 1
| #define HAVE_STDBOOL_H 1
| #define TIME_WITH_SYS_TIME 1
| #define HAVE_STRNDUP 1
| #define HAVE_STRNLEN 1
| #define HAVE_GETTIMEOFDAY 1
| #define HAVE_USLEEP 1
| #define HAVE_VASPRINTF 1
| #define IS_CYGWIN 0
| #define IS_WIN32 0
| #define IS_DARWIN 1
| #define BUILD_PARPORT 0
| #define BUILD_DUMMY 0
| #define BUILD_EP93XX 0
| #define BUILD_ZY1000 0
| #define BUILD_ZY1000_MASTER 0
| #define BUILD_AT91RM9200 0
| #define BUILD_BCM2835GPIO 0
| #define PARPORT_USE_PPDEV 1
| #define PARPORT_USE_GIVEIO 0
| #define BUILD_BITBANG 0
| #define BUILD_FT2232_LIBFTDI 0
| #define BUILD_FT2232_FTD2XX 0
| #define BUILD_USB_BLASTER_LIBFTDI 0
| #define BUILD_JTAG_VPI 0
| #define BUILD_USB_BLASTER_FTD2XX 0
| #define BUILD_AMTJTAGACCEL 0
| #define BUILD_GW16012 0
| #define BUILD_PRESTO_LIBFTDI 0
| #define BUILD_PRESTO_FTD2XX 0
| #define BUILD_BITQ 0
| #define BUILD_OPENJTAG 0
| #define BUILD_OPENJTAG_FTD2XX 0
| #define BUILD_OPENJTAG_LIBFTDI 0
| #define BUILD_OPENJTAG 1
| #define BUILD_OPENJTAG_LIBFTDI 1
| #define BUILD_OOCD_TRACE 0
| #define BUILD_BUSPIRATE 0
| #define BUILD_REMOTE_BITBANG 0
| #define BUILD_SYSFSGPIO 0
| #define BUILD_FT2232_HIGHSPEED 1
| #define HAS_ENUM_FT232H 1
| #define HAVE_LIBUSB1 1
| #define HAVE_LIBUSB_ERROR_NAME 1
| #define HAVE_LIBUSB_GET_PORT_NUMBERS 1
| #define BUILD_FTDI 1
| #define BUILD_JLINK 1
| #define BUILD_HLADAPTER_STLINK 1
| #define BUILD_HLADAPTER_ICDI 1
| #define BUILD_ULINK 1
| #define BUILD_USB_BLASTER_2 1
| #define BUILD_VSLLINK 1
| #define BUILD_OSBDM 1
| #define BUILD_OPENDOUS 1
| #define BUILD_AICE 1
| #define BUILD_USBPROG 1
| #define BUILD_RLINK 1
| #define BUILD_ARMJTAGEW 1
| #define BUILD_CMSIS_DAP 1
| #define BUILD_HLADAPTER 1
| /* end confdefs.h.  */
| 
| #define _GNU_SOURCE
| #include <unistd.h>
| #include <stdlib.h>
| 
| int
| main ()
| {
| char **ep = environ;
| 
|   ;
|   return 0;
| }
configure:16728: result: no
configure:16732: checking for extern environ
configure:16748: gcc -o conftest -g -O2   conftest.c  >&5
conftest.c:77:9: warning: 'BUILD_OPENJTAG' macro redefined [-Wmacro-redefined]
#define BUILD_OPENJTAG 1
        ^
conftest.c:74:9: note: previous definition is here
#define BUILD_OPENJTAG 0
        ^
conftest.c:78:9: warning: 'BUILD_OPENJTAG_LIBFTDI' macro redefined [-Wmacro-redefined]
#define BUILD_OPENJTAG_LIBFTDI 1
        ^
conftest.c:76:9: note: previous definition is here
#define BUILD_OPENJTAG_LIBFTDI 0
        ^
2 warnings generated.
configure:16748: $? = 0
configure:16762: result: yes
configure:16907: checking that generated files are newer than configure
configure:16913: result: done
configure:17149: creating ./config.status

## ---------------------- ##
## Running config.status. ##
## ---------------------- ##

This file was extended by openocd config.status 0.10.0-dev, which was
generated by GNU Autoconf 2.69.  Invocation command line was

  CONFIG_FILES    = 
  CONFIG_HEADERS  = 
  CONFIG_LINKS    = 
  CONFIG_COMMANDS = 
  $ ./config.status 

on IsMyLaptop.local

config.status:1303: creating Makefile
config.status:1303: creating src/Makefile
config.status:1303: creating src/helper/Makefile
config.status:1303: creating src/jtag/Makefile
config.status:1303: creating src/jtag/drivers/Makefile
config.status:1303: creating src/jtag/drivers/usb_blaster/Makefile
config.status:1303: creating src/jtag/hla/Makefile
config.status:1303: creating src/jtag/aice/Makefile
config.status:1303: creating src/transport/Makefile
config.status:1303: creating src/target/openrisc/Makefile
config.status:1303: creating src/xsvf/Makefile
config.status:1303: creating src/svf/Makefile
config.status:1303: creating src/target/Makefile
config.status:1303: creating src/rtos/Makefile
config.status:1303: creating src/server/Makefile
config.status:1303: creating src/flash/Makefile
config.status:1303: creating src/flash/nor/Makefile
config.status:1303: creating src/flash/nand/Makefile
config.status:1303: creating src/pld/Makefile
config.status:1303: creating doc/Makefile
config.status:1303: creating config.h
config.status:1484: config.h is unchanged
config.status:1532: executing depfiles commands
config.status:1532: executing libtool commands
configure:19377: === configuring in jimtcl (/Users/marko/tools/openocd-code-89bf96ffe6ac66c80407af8383b9d5adc0dc35f4/jimtcl)
configure:19440: running /bin/sh ./configure.gnu --disable-option-checking '--prefix=/usr/local'  '--enable-cmsis-dap' '--enable-openjtag_ftdi' '--enable-jlink' '--enable-stlink' --cache-file=/dev/null --srcdir=.
configure:19377: === configuring in src/jtag/drivers/libjaylink (/Users/marko/tools/openocd-code-89bf96ffe6ac66c80407af8383b9d5adc0dc35f4/src/jtag/drivers/libjaylink)
configure:19440: running /bin/sh ./configure.gnu --disable-option-checking '--prefix=/usr/local'  '--enable-cmsis-dap' '--enable-openjtag_ftdi' '--enable-jlink' '--enable-stlink' --cache-file=/dev/null --srcdir=.

## ---------------- ##
## Cache variables. ##
## ---------------- ##

ac_cv_build=x86_64-apple-darwin14.5.0
ac_cv_c_bigendian=no
ac_cv_c_compiler_gnu=yes
ac_cv_c_const=yes
ac_cv_env_CC_set=
ac_cv_env_CC_value=
ac_cv_env_CFLAGS_set=
ac_cv_env_CFLAGS_value=
ac_cv_env_CPPFLAGS_set=
ac_cv_env_CPPFLAGS_value=
ac_cv_env_CPP_set=
ac_cv_env_CPP_value=
ac_cv_env_HIDAPI_CFLAGS_set=
ac_cv_env_HIDAPI_CFLAGS_value=
ac_cv_env_HIDAPI_LIBS_set=
ac_cv_env_HIDAPI_LIBS_value=
ac_cv_env_LDFLAGS_set=
ac_cv_env_LDFLAGS_value=
ac_cv_env_LIBFTDI_CFLAGS_set=
ac_cv_env_LIBFTDI_CFLAGS_value=
ac_cv_env_LIBFTDI_LIBS_set=
ac_cv_env_LIBFTDI_LIBS_value=
ac_cv_env_LIBS_set=
ac_cv_env_LIBS_value=
ac_cv_env_LIBUSB0_CFLAGS_set=
ac_cv_env_LIBUSB0_CFLAGS_value=
ac_cv_env_LIBUSB0_LIBS_set=
ac_cv_env_LIBUSB0_LIBS_value=
ac_cv_env_LIBUSB1_CFLAGS_set=
ac_cv_env_LIBUSB1_CFLAGS_value=
ac_cv_env_LIBUSB1_LIBS_set=
ac_cv_env_LIBUSB1_LIBS_value=
ac_cv_env_LT_SYS_LIBRARY_PATH_set=
ac_cv_env_LT_SYS_LIBRARY_PATH_value=
ac_cv_env_PKG_CONFIG_LIBDIR_set=
ac_cv_env_PKG_CONFIG_LIBDIR_value=
ac_cv_env_PKG_CONFIG_PATH_set=
ac_cv_env_PKG_CONFIG_PATH_value=
ac_cv_env_PKG_CONFIG_set=
ac_cv_env_PKG_CONFIG_value=
ac_cv_env_build_alias_set=
ac_cv_env_build_alias_value=
ac_cv_env_host_alias_set=
ac_cv_env_host_alias_value=
ac_cv_env_libjaylink_CFLAGS_set=
ac_cv_env_libjaylink_CFLAGS_value=
ac_cv_env_libjaylink_LIBS_set=
ac_cv_env_libjaylink_LIBS_value=
ac_cv_env_target_alias_set=
ac_cv_env_target_alias_value=
ac_cv_func_gettimeofday=yes
ac_cv_func_strndup=yes
ac_cv_func_strnlen=yes
ac_cv_func_usleep=yes
ac_cv_func_vasprintf=yes
ac_cv_header_arpa_inet_h=yes
ac_cv_header_dirent_h=yes
ac_cv_header_dlfcn_h=yes
ac_cv_header_elf_h=no
ac_cv_header_fcntl_h=yes
ac_cv_header_ifaddrs_h=yes
ac_cv_header_inttypes_h=yes
ac_cv_header_malloc_h=no
ac_cv_header_memory_h=yes
ac_cv_header_net_if_h=yes
ac_cv_header_netdb_h=yes
ac_cv_header_netinet_in_h=yes
ac_cv_header_netinet_tcp_h=yes
ac_cv_header_poll_h=yes
ac_cv_header_pthread_h=yes
ac_cv_header_stdbool_h=yes
ac_cv_header_stdc=yes
ac_cv_header_stdint_h=yes
ac_cv_header_stdlib_h=yes
ac_cv_header_string_h=yes
ac_cv_header_strings_h=yes
ac_cv_header_sys_ioctl_h=yes
ac_cv_header_sys_param_h=yes
ac_cv_header_sys_select_h=yes
ac_cv_header_sys_socket_h=yes
ac_cv_header_sys_stat_h=yes
ac_cv_header_sys_time_h=yes
ac_cv_header_sys_types_h=yes
ac_cv_header_time=yes
ac_cv_header_unistd_h=yes
ac_cv_host=x86_64-apple-darwin14.5.0
ac_cv_objext=o
ac_cv_path_EGREP='/usr/bin/grep -E'
ac_cv_path_FGREP='/usr/bin/grep -F'
ac_cv_path_GREP=/usr/bin/grep
ac_cv_path_SED=/usr/bin/sed
ac_cv_path_ac_pt_PKG_CONFIG=/usr/local/bin/pkg-config
ac_cv_path_install='/usr/bin/install -c'
ac_cv_path_lt_DD=/bin/dd
ac_cv_prog_AWK=awk
ac_cv_prog_CPP='gcc -E'
ac_cv_prog_MAKEINFO=makeinfo
ac_cv_prog_ac_ct_AR=ar
ac_cv_prog_ac_ct_CC=gcc
ac_cv_prog_ac_ct_DSYMUTIL=dsymutil
ac_cv_prog_ac_ct_LIPO=lipo
ac_cv_prog_ac_ct_NMEDIT=nmedit
ac_cv_prog_ac_ct_OTOOL=otool
ac_cv_prog_ac_ct_RANLIB=ranlib
ac_cv_prog_ac_ct_STRIP=strip
ac_cv_prog_cc_c89=
ac_cv_prog_cc_c99=
ac_cv_prog_cc_g=yes
ac_cv_prog_make_make_set=yes
ac_cv_search_dlopen='none required'
ac_cv_search_ioperm=no
ac_cv_type__Bool=yes
ac_cv_type_long_long_int=yes
ac_cv_type_unsigned_long_long_int=yes
am_cv_CC_dependencies_compiler_type=gcc3
am_cv_make_support_nested_variables=yes
am_cv_prog_cc_c_o=yes
lt_cv_apple_cc_single_mod=yes
lt_cv_ar_at_file=no
lt_cv_deplibs_check_method=pass_all
lt_cv_file_magic_cmd='$MAGIC_CMD'
lt_cv_file_magic_test_file=
lt_cv_ld_exported_symbols_list=yes
lt_cv_ld_force_load=yes
lt_cv_ld_reload_flag=-r
lt_cv_nm_interface='BSD nm'
lt_cv_objdir=.libs
lt_cv_path_LD=/Applications/Xcode.app/Contents/Developer/Toolchains/XcodeDefault.xctoolchain/usr/bin/ld
lt_cv_path_NM=/usr/bin/nm
lt_cv_path_mainfest_tool=no
lt_cv_prog_compiler_c_o=yes
lt_cv_prog_compiler_pic='-fno-common -DPIC'
lt_cv_prog_compiler_pic_works=yes
lt_cv_prog_compiler_rtti_exceptions=yes
lt_cv_prog_compiler_static_works=no
lt_cv_prog_gnu_ld=no
lt_cv_sharedlib_from_linklib_cmd='printf %s\n'
lt_cv_sys_global_symbol_pipe='sed -n -e '\''s/^.*[	 ]\([BCDEGRST][BCDEGRST]*\)[	 ][	 ]*_\([_A-Za-z][_A-Za-z0-9]*\)$/\1 _\2 \2/p'\'' | sed '\''/ __gnu_lto/d'\'''
lt_cv_sys_global_symbol_to_c_name_address='sed -n -e '\''s/^: \(.*\) .*$/  {"\1", (void *) 0},/p'\'' -e '\''s/^[BCDEGRST][BCDEGRST]* .* \(.*\)$/  {"\1", (void *) \&\1},/p'\'''
lt_cv_sys_global_symbol_to_c_name_address_lib_prefix='sed -n -e '\''s/^: \(.*\) .*$/  {"\1", (void *) 0},/p'\'' -e '\''s/^[BCDEGRST][BCDEGRST]* .* \(lib.*\)$/  {"\1", (void *) \&\1},/p'\'' -e '\''s/^[BCDEGRST][BCDEGRST]* .* \(.*\)$/  {"lib\1", (void *) \&\1},/p'\'''
lt_cv_sys_global_symbol_to_cdecl='sed -n -e '\''s/^T .* \(.*\)$/extern int \1();/p'\'' -e '\''s/^[BCDEGRST][BCDEGRST]* .* \(.*\)$/extern char \1;/p'\'''
lt_cv_sys_global_symbol_to_import=
lt_cv_sys_max_cmd_len=196608
lt_cv_to_host_file_cmd=func_convert_file_noop
lt_cv_to_tool_file_cmd=func_convert_file_noop
lt_cv_truncate_bin='/bin/dd bs=4096 count=1'
pkg_cv_HIDAPI_CFLAGS=-I/usr/local/Cellar/hidapi/0.8.0-rc1/include/hidapi
pkg_cv_HIDAPI_LIBS='-L/usr/local/Cellar/hidapi/0.8.0-rc1/lib -lhidapi'
pkg_cv_LIBFTDI_CFLAGS='-I/usr/local/Cellar/libftdi/1.1/include/libftdi1 -I/usr/local/Cellar/libusb/1.0.20/include/libusb-1.0'
pkg_cv_LIBFTDI_LIBS='-L/usr/local/Cellar/libftdi/1.1/lib -L/usr/local/Cellar/libusb/1.0.20/lib -lftdi1 -lusb-1.0'
pkg_cv_LIBUSB0_CFLAGS='-I/usr/local/Cellar/libusb-compat/0.1.5/include -I/usr/local/Cellar/libusb/1.0.20/include/libusb-1.0'
pkg_cv_LIBUSB0_LIBS='-L/usr/local/Cellar/libusb-compat/0.1.5/lib -lusb'
pkg_cv_LIBUSB1_CFLAGS=-I/usr/local/Cellar/libusb/1.0.20/include/libusb-1.0
pkg_cv_LIBUSB1_LIBS='-L/usr/local/Cellar/libusb/1.0.20/lib -lusb-1.0'

## ----------------- ##
## Output variables. ##
## ----------------- ##

ACLOCAL='${SHELL} /Users/marko/tools/openocd-code-89bf96ffe6ac66c80407af8383b9d5adc0dc35f4/missing aclocal-1.15'
AICE_FALSE='#'
AICE_TRUE=''
AMDEPBACKSLASH='\'
AMDEP_FALSE='#'
AMDEP_TRUE=''
AMTAR='$${TAR-tar}'
AMTJTAGACCEL_FALSE=''
AMTJTAGACCEL_TRUE='#'
AM_BACKSLASH='\'
AM_DEFAULT_V='$(AM_DEFAULT_VERBOSITY)'
AM_DEFAULT_VERBOSITY='1'
AM_V='$(V)'
AR='ar'
ARMJTAGEW_FALSE='#'
ARMJTAGEW_TRUE=''
AT91RM9200_FALSE=''
AT91RM9200_TRUE='#'
AUTOCONF='${SHELL} /Users/marko/tools/openocd-code-89bf96ffe6ac66c80407af8383b9d5adc0dc35f4/missing autoconf'
AUTOHEADER='${SHELL} /Users/marko/tools/openocd-code-89bf96ffe6ac66c80407af8383b9d5adc0dc35f4/missing autoheader'
AUTOMAKE='${SHELL} /Users/marko/tools/openocd-code-89bf96ffe6ac66c80407af8383b9d5adc0dc35f4/missing automake-1.15'
AWK='awk'
BCM2835GPIO_FALSE=''
BCM2835GPIO_TRUE='#'
BITBANG_FALSE=''
BITBANG_TRUE='#'
BITQ_FALSE=''
BITQ_TRUE='#'
BUSPIRATE_FALSE=''
BUSPIRATE_TRUE='#'
CC='gcc'
CCDEPMODE='depmode=gcc3'
CFLAGS='-g -O2 -Wall -Wstrict-prototypes -Wformat-security -Wshadow -Wextra -Wno-unused-parameter -Wbad-function-cast -Wcast-align -Wredundant-decls -Werror'
CMSIS_DAP_FALSE='#'
CMSIS_DAP_TRUE=''
CPP='gcc -E'
CPPFLAGS=''
CYGPATH_W='echo'
DEFS='-DHAVE_CONFIG_H'
DEPDIR='.deps'
DLLTOOL='false'
DSYMUTIL='dsymutil'
DUMMY_FALSE=''
DUMMY_TRUE='#'
DUMPBIN=''
ECHO_C='\c'
ECHO_N=''
ECHO_T=''
EGREP='/usr/bin/grep -E'
EP93XX_FALSE=''
EP93XX_TRUE='#'
EXEEXT=''
FGREP='/usr/bin/grep -F'
FT2232_DRIVER_FALSE=''
FT2232_DRIVER_TRUE='#'
FT2232_LIBFTDI_FALSE=''
FT2232_LIBFTDI_TRUE='#'
FTDI_FALSE='#'
FTDI_TRUE=''
GIVEIO_FALSE=''
GIVEIO_TRUE='#'
GREP='/usr/bin/grep'
GW16012_FALSE=''
GW16012_TRUE='#'
HIDAPI_CFLAGS='-I/usr/local/Cellar/hidapi/0.8.0-rc1/include/hidapi'
HIDAPI_LIBS='-L/usr/local/Cellar/hidapi/0.8.0-rc1/lib -lhidapi'
HLADAPTER_FALSE='#'
HLADAPTER_ICDI_FALSE='#'
HLADAPTER_ICDI_TRUE=''
HLADAPTER_STLINK_FALSE='#'
HLADAPTER_STLINK_TRUE=''
HLADAPTER_TRUE=''
INSTALL_DATA='${INSTALL} -m 644'
INSTALL_PROGRAM='${INSTALL}'
INSTALL_SCRIPT='${INSTALL}'
INSTALL_STRIP_PROGRAM='$(install_sh) -c -s'
INTERNAL_JIMTCL_FALSE='#'
INTERNAL_JIMTCL_TRUE=''
INTERNAL_LIBJAYLINK_FALSE='#'
INTERNAL_LIBJAYLINK_TRUE=''
IOUTIL_FALSE=''
IOUTIL_TRUE='#'
IS_CYGWIN_FALSE=''
IS_CYGWIN_TRUE='#'
IS_DARWIN_FALSE='#'
IS_DARWIN_TRUE=''
IS_MINGW_FALSE=''
IS_MINGW_TRUE='#'
IS_WIN32_FALSE=''
IS_WIN32_TRUE='#'
JLINK_FALSE='#'
JLINK_TRUE=''
JTAG_VPI_FALSE=''
JTAG_VPI_TRUE='#'
LD='/Applications/Xcode.app/Contents/Developer/Toolchains/XcodeDefault.xctoolchain/usr/bin/ld'
LDFLAGS=''
LIBFTDI_CFLAGS='-I/usr/local/Cellar/libftdi/1.1/include/libftdi1 -I/usr/local/Cellar/libusb/1.0.20/include/libusb-1.0'
LIBFTDI_LIBS='-L/usr/local/Cellar/libftdi/1.1/lib -L/usr/local/Cellar/libusb/1.0.20/lib -lftdi1 -lusb-1.0'
LIBOBJS=''
LIBS=''
LIBTOOL='$(SHELL) $(top_builddir)/libtool'
LIBTOOL_DEPS='./ltmain.sh'
LIBUSB0_CFLAGS='-I/usr/local/Cellar/libusb-compat/0.1.5/include -I/usr/local/Cellar/libusb/1.0.20/include/libusb-1.0'
LIBUSB0_LIBS='-L/usr/local/Cellar/libusb-compat/0.1.5/lib -lusb'
LIBUSB1_CFLAGS='-isystem /usr/local/Cellar/libusb/1.0.20/include/libusb-1.0'
LIBUSB1_LIBS='-L/usr/local/Cellar/libusb/1.0.20/lib -lusb-1.0'
LIPO='lipo'
LN_S='ln -s'
LTLIBOBJS=''
LT_SYS_LIBRARY_PATH=''
MAKEINFO='makeinfo'
MANIFEST_TOOL=':'
MINIDRIVER_DUMMY_FALSE=''
MINIDRIVER_DUMMY_TRUE='#'
MINIDRIVER_FALSE=''
MINIDRIVER_TRUE='#'
MKDIR_P='./install-sh -c -d'
NM='/usr/bin/nm'
NMEDIT='nmedit'
OBJDUMP='false'
OBJEXT='o'
OOCD_TRACE_FALSE=''
OOCD_TRACE_TRUE='#'
OPENDOUS_FALSE='#'
OPENDOUS_TRUE=''
OPENJTAG_FALSE='#'
OPENJTAG_TRUE=''
OSBDM_FALSE='#'
OSBDM_TRUE=''
OTOOL64=':'
OTOOL='otool'
PACKAGE='openocd'
PACKAGE_BUGREPORT='OpenOCD Mailing List <openocd-devel@lists.sourceforge.net>'
PACKAGE_NAME='openocd'
PACKAGE_STRING='openocd 0.10.0-dev'
PACKAGE_TARNAME='openocd'
PACKAGE_URL=''
PACKAGE_VERSION='0.10.0-dev'
PARPORT_FALSE=''
PARPORT_TRUE='#'
PATH_SEPARATOR=':'
PKG_CONFIG='/usr/local/bin/pkg-config'
PKG_CONFIG_LIBDIR=''
PKG_CONFIG_PATH=''
PRESTO_DRIVER_FALSE=''
PRESTO_DRIVER_TRUE='#'
PRESTO_LIBFTDI_FALSE=''
PRESTO_LIBFTDI_TRUE='#'
RANLIB='ranlib'
RELEASE_FALSE=''
RELEASE_TRUE='#'
REMOTE_BITBANG_FALSE=''
REMOTE_BITBANG_TRUE='#'
RLINK_FALSE='#'
RLINK_TRUE=''
SED='/usr/bin/sed'
SET_MAKE=''
SHELL='/bin/sh'
STRIP='strip'
SYSFSGPIO_FALSE=''
SYSFSGPIO_TRUE='#'
ULINK_FALSE='#'
ULINK_TRUE=''
USBPROG_FALSE='#'
USBPROG_TRUE=''
USB_BLASTER_2_FALSE='#'
USB_BLASTER_2_TRUE=''
USB_BLASTER_DRIVER_FALSE='#'
USB_BLASTER_DRIVER_TRUE=''
USB_BLASTER_FTD2XX_FALSE=''
USB_BLASTER_FTD2XX_TRUE='#'
USB_BLASTER_LIBFTDI_FALSE=''
USB_BLASTER_LIBFTDI_TRUE='#'
USE_LIBUSB0_FALSE='#'
USE_LIBUSB0_TRUE=''
USE_LIBUSB1_FALSE='#'
USE_LIBUSB1_TRUE=''
VERSION='0.10.0-dev'
VSLLINK_FALSE='#'
VSLLINK_TRUE=''
ZY1000_FALSE=''
ZY1000_MASTER_FALSE=''
ZY1000_MASTER_TRUE='#'
ZY1000_TRUE='#'
ac_ct_AR='ar'
ac_ct_CC='gcc'
ac_ct_DUMPBIN=''
am__EXEEXT_FALSE=''
am__EXEEXT_TRUE='#'
am__fastdepCC_FALSE='#'
am__fastdepCC_TRUE=''
am__include='include'
am__isrc=''
am__leading_dot='.'
am__nodep='_no'
am__quote=''
am__tar='$${TAR-tar} chof - "$$tardir"'
am__untar='$${TAR-tar} xf -'
bindir='${exec_prefix}/bin'
build='x86_64-apple-darwin14.5.0'
build_alias=''
build_cpu='x86_64'
build_os='darwin14.5.0'
build_vendor='apple'
datadir='${datarootdir}'
datarootdir='${prefix}/share'
docdir='${datarootdir}/doc/${PACKAGE_TARNAME}'
doxygen_as_html='yes'
doxygen_as_pdf='no'
dvidir='${docdir}'
exec_prefix='${prefix}'
host='x86_64-apple-darwin14.5.0'
host_alias=''
host_cpu='x86_64'
host_os='darwin14.5.0'
host_vendor='apple'
htmldir='${docdir}'
includedir='${prefix}/include'
infodir='${datarootdir}/info'
install_sh='${SHELL} /Users/marko/tools/openocd-code-89bf96ffe6ac66c80407af8383b9d5adc0dc35f4/install-sh'
libdir='${exec_prefix}/lib'
libexecdir='${exec_prefix}/libexec'
libjaylink_CFLAGS=''
libjaylink_LIBS=''
localedir='${datarootdir}/locale'
localstatedir='${prefix}/var'
mandir='${datarootdir}/man'
mkdir_p='$(MKDIR_P)'
oldincludedir='/usr/include'
pdfdir='${docdir}'
prefix='/usr/local'
program_transform_name='s,x,x,'
psdir='${docdir}'
sbindir='${exec_prefix}/sbin'
sharedstatedir='${prefix}/com'
subdirs=' jimtcl src/jtag/drivers/libjaylink'
sysconfdir='${prefix}/etc'
target_alias=''

## ----------- ##
## confdefs.h. ##
## ----------- ##

/* confdefs.h */
#define PACKAGE_NAME "openocd"
#define PACKAGE_TARNAME "openocd"
#define PACKAGE_VERSION "0.10.0-dev"
#define PACKAGE_STRING "openocd 0.10.0-dev"
#define PACKAGE_BUGREPORT "OpenOCD Mailing List <openocd-devel@lists.sourceforge.net>"
#define PACKAGE_URL ""
#define PACKAGE "openocd"
#define VERSION "0.10.0-dev"
#define STDC_HEADERS 1
#define HAVE_SYS_TYPES_H 1
#define HAVE_SYS_STAT_H 1
#define HAVE_STDLIB_H 1
#define HAVE_STRING_H 1
#define HAVE_MEMORY_H 1
#define HAVE_STRINGS_H 1
#define HAVE_INTTYPES_H 1
#define HAVE_STDINT_H 1
#define HAVE_UNISTD_H 1
#define HAVE_DLFCN_H 1
#define LT_OBJDIR ".libs/"
#define HAVE_UNSIGNED_LONG_LONG_INT 1
#define HAVE_LONG_LONG_INT 1
#define HAVE_SYS_SOCKET_H 1
#define HAVE_ARPA_INET_H 1
#define HAVE_DIRENT_H 1
#define HAVE_FCNTL_H 1
#define HAVE_IFADDRS_H 1
#define HAVE_NETDB_H 1
#define HAVE_NETINET_IN_H 1
#define HAVE_NETINET_TCP_H 1
#define HAVE_POLL_H 1
#define HAVE_PTHREAD_H 1
#define HAVE_STRINGS_H 1
#define HAVE_SYS_IOCTL_H 1
#define HAVE_SYS_PARAM_H 1
#define HAVE_SYS_SELECT_H 1
#define HAVE_SYS_STAT_H 1
#define HAVE_SYS_TIME_H 1
#define HAVE_SYS_TYPES_H 1
#define HAVE_UNISTD_H 1
#define HAVE_NET_IF_H 1
#define HAVE__BOOL 1
#define HAVE_STDBOOL_H 1
#define TIME_WITH_SYS_TIME 1
#define HAVE_STRNDUP 1
#define HAVE_STRNLEN 1
#define HAVE_GETTIMEOFDAY 1
#define HAVE_USLEEP 1
#define HAVE_VASPRINTF 1
#define IS_CYGWIN 0
#define IS_WIN32 0
#define IS_DARWIN 1
#define BUILD_PARPORT 0
#define BUILD_DUMMY 0
#define BUILD_EP93XX 0
#define BUILD_ZY1000 0
#define BUILD_ZY1000_MASTER 0
#define BUILD_AT91RM9200 0
#define BUILD_BCM2835GPIO 0
#define PARPORT_USE_PPDEV 1
#define PARPORT_USE_GIVEIO 0
#define BUILD_BITBANG 0
#define BUILD_FT2232_LIBFTDI 0
#define BUILD_FT2232_FTD2XX 0
#define BUILD_USB_BLASTER_LIBFTDI 0
#define BUILD_JTAG_VPI 0
#define BUILD_USB_BLASTER_FTD2XX 0
#define BUILD_AMTJTAGACCEL 0
#define BUILD_GW16012 0
#define BUILD_PRESTO_LIBFTDI 0
#define BUILD_PRESTO_FTD2XX 0
#define BUILD_BITQ 0
#define BUILD_OPENJTAG 0
#define BUILD_OPENJTAG_FTD2XX 0
#define BUILD_OPENJTAG_LIBFTDI 0
#define BUILD_OPENJTAG 1
#define BUILD_OPENJTAG_LIBFTDI 1
#define BUILD_OOCD_TRACE 0
#define BUILD_BUSPIRATE 0
#define BUILD_REMOTE_BITBANG 0
#define BUILD_SYSFSGPIO 0
#define BUILD_FT2232_HIGHSPEED 1
#define HAS_ENUM_FT232H 1
#define HAVE_LIBUSB1 1
#define HAVE_LIBUSB_ERROR_NAME 1
#define HAVE_LIBUSB_GET_PORT_NUMBERS 1
#define BUILD_FTDI 1
#define BUILD_JLINK 1
#define BUILD_HLADAPTER_STLINK 1
#define BUILD_HLADAPTER_ICDI 1
#define BUILD_ULINK 1
#define BUILD_USB_BLASTER_2 1
#define BUILD_VSLLINK 1
#define BUILD_OSBDM 1
#define BUILD_OPENDOUS 1
#define BUILD_AICE 1
#define BUILD_USBPROG 1
#define BUILD_RLINK 1
#define BUILD_ARMJTAGEW 1
#define BUILD_CMSIS_DAP 1
#define BUILD_HLADAPTER 1
#define NEED_ENVIRON_EXTERN 1
#define _GNU_SOURCE 1

configure: exit 0

## ---------------------- ##
## Running config.status. ##
## ---------------------- ##

This file was extended by openocd config.status 0.10.0-dev, which was
generated by GNU Autoconf 2.69.  Invocation command line was

  CONFIG_FILES    = 
  CONFIG_HEADERS  = 
  CONFIG_LINKS    = 
  CONFIG_COMMANDS = 
  $ ./config.status src/flash/nor/Makefile depfiles

on IsMyLaptop.local

config.status:1303: creating src/flash/nor/Makefile
config.status:1532: executing depfiles commands
